<?xml version="1.0" encoding="UTF-8"?>
<testsuites name="DTCM QA Automation" time="239" tests="6" failures="0" errors="1">
   <testsuite name="DTCM QA Automation" tests="6" failures="0" errors="1" time="239" timestamp="2019-03-25 15:38:05" hostname="rabeet - SQA-02-004.ovrlod.pk" id="Test Suites/DTCM QA Automation">
      <properties>
         <property name="deviceName" value=""/>
         <property name="devicePlatform" value=""/>
         <property name="logFolder" value="C:\\Users\\rabeet\\Katalon Studio\\DTCM QA Automation\\Reports\\DTCM QA Automation\\20190325_153803"/>
         <property name="logFiles" value="C:\\Users\\rabeet\\Katalon Studio\\DTCM QA Automation\\Reports\\DTCM QA Automation\\20190325_153803\\execution0.log"/>
         <property name="attachments" value=""/>
         <property name="hostName" value="rabeet - SQA-02-004.ovrlod.pk"/>
         <property name="os" value="Windows 10 64bit"/>
         <property name="katalonVersion" value="6.0.5.10"/>
         <property name="browser" value="Chrome 72.0.3626.121"/>
         <property name="hostAddress" value="90.90.90.20"/>
         <property name="sessionId" value="6a5a2f93d606315d0a198f19c5521873"/>
         <property name="seleniumVersion" value="3.7.1"/>
         <property name="proxyInformation" value="ProxyInformation{proxyOption=NO_PROXY, proxyServerType=HTTP, password=, proxyServerAddress=, proxyServerPort=0}"/>
         <property name="platform" value="Windows 10"/>
      </properties>
      <testcase name="Test Cases/DTCM/Login and logout/DTCM Invalid Login Scenario" classname="Test Cases/DTCM/Login and logout/DTCM Invalid Login Scenario" status="PASSED">
         <system-out><![CDATA[2019-03-25 15:38:05 - [TEST_CASE][PASSED] - Test Cases/DTCM/Login and logout/DTCM Invalid Login Scenario: Test Cases/DTCM/Login and logout/DTCM Invalid Login Scenario

2019-03-25 15:38:06 - [TEST_STEP][PASSED] - openBrowser("https://www.google.com/"): Browser is opened with url: 'https://www.google.com/'

2019-03-25 15:38:06 - [MESSAGE][INFO] - Starting 'Chrome' driver

2019-03-25 15:38:06 - [MESSAGE][INFO] - Action delay is set to 0 seconds

2019-03-25 15:38:14 - [MESSAGE][PASSED] - Browser is opened with url: 'https://www.google.com/'

2019-03-25 15:38:14 - [TEST_STEP][PASSED] - driver = getWebDriver(): null

2019-03-25 15:38:14 - [TEST_STEP][PASSED] - baseUrl = "https://www.google.com/": null

2019-03-25 15:38:14 - [TEST_STEP][PASSED] - selenium = new com.thoughtworks.selenium.webdriven.WebDriverBackedSelenium(driver, baseUrl): null

2019-03-25 15:38:14 - [TEST_STEP][PASSED] - window().maximize(): null

2019-03-25 15:38:15 - [TEST_STEP][PASSED] - CurrentURL = "https://qacd2.testvisitdubai.com/en/account/login?v=78798789": null

2019-03-25 15:38:15 - [TEST_STEP][PASSED] - username = "muhammad.saad@ovrlod.com": null

2019-03-25 15:38:15 - [TEST_STEP][PASSED] - password = "Qwerty##1244": null

2019-03-25 15:38:15 - [TEST_STEP][PASSED] - selenium.open(CurrentURL): null

2019-03-25 15:38:22 - [TEST_STEP][PASSED] - selenium.click("id=tbUsername"): null

2019-03-25 15:38:23 - [TEST_STEP][PASSED] - Thread.sleep(1500): null

2019-03-25 15:38:24 - [TEST_STEP][PASSED] - selenium.type("id=tbUsername", username): null

2019-03-25 15:38:24 - [TEST_STEP][PASSED] - selenium.type("id=tbPassword", password): null

2019-03-25 15:38:24 - [TEST_STEP][PASSED] - Thread.sleep(1500): null

2019-03-25 15:38:26 - [TEST_STEP][PASSED] - selenium.click("id=plhcontent_0_lbtnSubmit"): null

2019-03-25 15:38:26 - [TEST_STEP][PASSED] - Thread.sleep(500): null

2019-03-25 15:38:26 - [TEST_STEP][PASSED] - locationNow = location: null

2019-03-25 15:38:27 - [TEST_STEP][PASSED] - if (CurrentURL == locationNow): null

2019-03-25 15:38:27 - [TEST_STEP][PASSED] - else: null

2019-03-25 15:38:27 - [TEST_STEP][PASSED] - out.println("Test Case is Failed"): null]]></system-out>
         <system-err><![CDATA[]]></system-err>
      </testcase>
      <testcase name="Test Cases/DTCM/Language Change/DTCM Language Change Eng-Fr-Eng" classname="Test Cases/DTCM/Language Change/DTCM Language Change Eng-Fr-Eng" status="ERROR">
         <error type="ERROR" message="Test Cases/DTCM/Language Change/DTCM Language Change Eng-Fr-Eng FAILED.
Reason:
com.thoughtworks.selenium.SeleniumException: Element xpath=(.//*[normalize-space(text()) and normalize-space(.)='English'])[2]/following::span[1] not found
	at com.thoughtworks.selenium.webdriven.ElementFinder.findElement(ElementFinder.java:93)
	at com.thoughtworks.selenium.webdriven.commands.Click.handleSeleneseCommand(Click.java:39)
	at com.thoughtworks.selenium.webdriven.commands.Click.handleSeleneseCommand(Click.java:26)
	at com.thoughtworks.selenium.webdriven.SeleneseCommand.apply(SeleneseCommand.java:36)
	at com.thoughtworks.selenium.webdriven.Timer.run(Timer.java:41)
	at com.thoughtworks.selenium.webdriven.WebDriverCommandProcessor.execute(WebDriverCommandProcessor.java:150)
	at com.thoughtworks.selenium.webdriven.WebDriverCommandProcessor.doCommand(WebDriverCommandProcessor.java:76)
	at com.thoughtworks.selenium.DefaultSelenium.click(DefaultSelenium.java:198)
	at com.thoughtworks.selenium.Selenium$click$0.call(Unknown Source)
	at DTCM Language Change Eng-Fr-Eng.run(DTCM Language Change Eng-Fr-Eng:41)
	at com.kms.katalon.core.main.ScriptEngine.run(ScriptEngine.java:194)
	at com.kms.katalon.core.main.ScriptEngine.runScriptAsRawText(ScriptEngine.java:119)
	at com.kms.katalon.core.main.TestCaseExecutor.runScript(TestCaseExecutor.java:331)
	at com.kms.katalon.core.main.TestCaseExecutor.doExecute(TestCaseExecutor.java:322)
	at com.kms.katalon.core.main.TestCaseExecutor.processExecutionPhase(TestCaseExecutor.java:301)
	at com.kms.katalon.core.main.TestCaseExecutor.accessMainPhase(TestCaseExecutor.java:293)
	at com.kms.katalon.core.main.TestCaseExecutor.execute(TestCaseExecutor.java:227)
	at com.kms.katalon.core.main.TestSuiteExecutor.accessTestCaseMainPhase(TestSuiteExecutor.java:129)
	at com.kms.katalon.core.main.TestSuiteExecutor.accessTestSuiteMainPhase(TestSuiteExecutor.java:112)
	at com.kms.katalon.core.main.TestSuiteExecutor.execute(TestSuiteExecutor.java:81)
	at com.kms.katalon.core.main.TestCaseMain.startTestSuite(TestCaseMain.java:157)
	at com.kms.katalon.core.main.TestCaseMain$startTestSuite$0.call(Unknown Source)
	at TempTestSuite1553510283658.run(TempTestSuite1553510283658.groovy:35)
Caused by: org.openqa.selenium.NoSuchElementException: Cannot find an element with the xpath: (.//*[normalize-space(text()) and normalize-space(.)='English'])[2]/following::span[1]
For documentation on this error, please visit: http://seleniumhq.org/exceptions/no_such_element.html
Build info: version: '3.7.1', revision: '8a0099a', time: '2017-11-06T21:07:36.161Z'
System info: host: 'SQA-02-004', ip: '192.168.168.23', os.name: 'Windows 10', os.arch: 'amd64', os.version: '10.0', java.version: '1.8.0_181'
Driver info: driver.version: unknown
	at com.thoughtworks.selenium.webdriven.ElementFinder.xpathWizardry(ElementFinder.java:143)
	at com.thoughtworks.selenium.webdriven.ElementFinder.findElementDirectlyIfNecessary(ElementFinder.java:114)
	at com.thoughtworks.selenium.webdriven.ElementFinder.findElement(ElementFinder.java:87)
	at com.thoughtworks.selenium.webdriven.commands.Click.handleSeleneseCommand(Click.java:39)
	at com.thoughtworks.selenium.webdriven.commands.Click.handleSeleneseCommand(Click.java:26)
	at com.thoughtworks.selenium.webdriven.SeleneseCommand.apply(SeleneseCommand.java:36)
	at com.thoughtworks.selenium.webdriven.Timer.run(Timer.java:41)
	at com.thoughtworks.selenium.webdriven.WebDriverCommandProcessor.execute(WebDriverCommandProcessor.java:150)
	at com.thoughtworks.selenium.webdriven.WebDriverCommandProcessor.doCommand(WebDriverCommandProcessor.java:76)
	at com.thoughtworks.selenium.DefaultSelenium.click(DefaultSelenium.java:198)
	at com.thoughtworks.selenium.Selenium$click$0.call(Unknown Source)
	at Script1552030841447.run(Script1552030841447.groovy:41)
	... 13 more
"/>
         <system-out><![CDATA[2019-03-25 15:38:27 - [TEST_CASE][ERROR] - Test Cases/DTCM/Language Change/DTCM Language Change Eng-Fr-Eng: Test Cases/DTCM/Language Change/DTCM Language Change Eng-Fr-Eng FAILED.
Reason:
com.thoughtworks.selenium.SeleniumException: Element xpath=(.//*[normalize-space(text()) and normalize-space(.)='English'])[2]/following::span[1] not found
	at com.thoughtworks.selenium.webdriven.ElementFinder.findElement(ElementFinder.java:93)
	at com.thoughtworks.selenium.webdriven.commands.Click.handleSeleneseCommand(Click.java:39)
	at com.thoughtworks.selenium.webdriven.commands.Click.handleSeleneseCommand(Click.java:26)
	at com.thoughtworks.selenium.webdriven.SeleneseCommand.apply(SeleneseCommand.java:36)
	at com.thoughtworks.selenium.webdriven.Timer.run(Timer.java:41)
	at com.thoughtworks.selenium.webdriven.WebDriverCommandProcessor.execute(WebDriverCommandProcessor.java:150)
	at com.thoughtworks.selenium.webdriven.WebDriverCommandProcessor.doCommand(WebDriverCommandProcessor.java:76)
	at com.thoughtworks.selenium.DefaultSelenium.click(DefaultSelenium.java:198)
	at com.thoughtworks.selenium.Selenium$click$0.call(Unknown Source)
	at DTCM Language Change Eng-Fr-Eng.run(DTCM Language Change Eng-Fr-Eng:41)
	at com.kms.katalon.core.main.ScriptEngine.run(ScriptEngine.java:194)
	at com.kms.katalon.core.main.ScriptEngine.runScriptAsRawText(ScriptEngine.java:119)
	at com.kms.katalon.core.main.TestCaseExecutor.runScript(TestCaseExecutor.java:331)
	at com.kms.katalon.core.main.TestCaseExecutor.doExecute(TestCaseExecutor.java:322)
	at com.kms.katalon.core.main.TestCaseExecutor.processExecutionPhase(TestCaseExecutor.java:301)
	at com.kms.katalon.core.main.TestCaseExecutor.accessMainPhase(TestCaseExecutor.java:293)
	at com.kms.katalon.core.main.TestCaseExecutor.execute(TestCaseExecutor.java:227)
	at com.kms.katalon.core.main.TestSuiteExecutor.accessTestCaseMainPhase(TestSuiteExecutor.java:129)
	at com.kms.katalon.core.main.TestSuiteExecutor.accessTestSuiteMainPhase(TestSuiteExecutor.java:112)
	at com.kms.katalon.core.main.TestSuiteExecutor.execute(TestSuiteExecutor.java:81)
	at com.kms.katalon.core.main.TestCaseMain.startTestSuite(TestCaseMain.java:157)
	at com.kms.katalon.core.main.TestCaseMain$startTestSuite$0.call(Unknown Source)
	at TempTestSuite1553510283658.run(TempTestSuite1553510283658.groovy:35)
Caused by: org.openqa.selenium.NoSuchElementException: Cannot find an element with the xpath: (.//*[normalize-space(text()) and normalize-space(.)='English'])[2]/following::span[1]
For documentation on this error, please visit: http://seleniumhq.org/exceptions/no_such_element.html
Build info: version: '3.7.1', revision: '8a0099a', time: '2017-11-06T21:07:36.161Z'
System info: host: 'SQA-02-004', ip: '192.168.168.23', os.name: 'Windows 10', os.arch: 'amd64', os.version: '10.0', java.version: '1.8.0_181'
Driver info: driver.version: unknown
	at com.thoughtworks.selenium.webdriven.ElementFinder.xpathWizardry(ElementFinder.java:143)
	at com.thoughtworks.selenium.webdriven.ElementFinder.findElementDirectlyIfNecessary(ElementFinder.java:114)
	at com.thoughtworks.selenium.webdriven.ElementFinder.findElement(ElementFinder.java:87)
	at com.thoughtworks.selenium.webdriven.commands.Click.handleSeleneseCommand(Click.java:39)
	at com.thoughtworks.selenium.webdriven.commands.Click.handleSeleneseCommand(Click.java:26)
	at com.thoughtworks.selenium.webdriven.SeleneseCommand.apply(SeleneseCommand.java:36)
	at com.thoughtworks.selenium.webdriven.Timer.run(Timer.java:41)
	at com.thoughtworks.selenium.webdriven.WebDriverCommandProcessor.execute(WebDriverCommandProcessor.java:150)
	at com.thoughtworks.selenium.webdriven.WebDriverCommandProcessor.doCommand(WebDriverCommandProcessor.java:76)
	at com.thoughtworks.selenium.DefaultSelenium.click(DefaultSelenium.java:198)
	at com.thoughtworks.selenium.Selenium$click$0.call(Unknown Source)
	at Script1552030841447.run(Script1552030841447.groovy:41)
	... 13 more


2019-03-25 15:38:27 - [TEST_STEP][PASSED] - openBrowser("https://www.google.com/"): Browser is opened with url: 'https://www.google.com/'

2019-03-25 15:38:27 - [MESSAGE][WARNING] - A browser is already opened. Closing browser and opening a new one

2019-03-25 15:38:27 - [MESSAGE][INFO] - Starting 'Chrome' driver

2019-03-25 15:38:31 - [MESSAGE][PASSED] - Browser is opened with url: 'https://www.google.com/'

2019-03-25 15:38:31 - [TEST_STEP][PASSED] - driver = getWebDriver(): null

2019-03-25 15:38:31 - [TEST_STEP][PASSED] - baseUrl = "https://www.google.com/": null

2019-03-25 15:38:31 - [TEST_STEP][PASSED] - selenium = new com.thoughtworks.selenium.webdriven.WebDriverBackedSelenium(driver, baseUrl): null

2019-03-25 15:38:31 - [TEST_STEP][PASSED] - window().maximize(): null

2019-03-25 15:38:33 - [TEST_STEP][PASSED] - selenium.open("https://qacd2.testvisitdubai.com/en/account/login?v=78798789"): null

2019-03-25 15:38:33 - [TEST_STEP][PASSED] - window().maximize(): null

2019-03-25 15:38:33 - [TEST_STEP][ERROR] - selenium.click("xpath=(.//*[normalize-space(text()) and normalize-space(.)='English'])[2]/following::span[1]"): selenium.click("xpath=(.//*[normalize-space(text()) and normalize-space(.)='English'])[2]/following::span[1]") FAILED.
Reason:
com.thoughtworks.selenium.SeleniumException: Element xpath=(.//*[normalize-space(text()) and normalize-space(.)='English'])[2]/following::span[1] not found
	at com.thoughtworks.selenium.webdriven.ElementFinder.findElement(ElementFinder.java:93)
	at com.thoughtworks.selenium.webdriven.commands.Click.handleSeleneseCommand(Click.java:39)
	at com.thoughtworks.selenium.webdriven.commands.Click.handleSeleneseCommand(Click.java:26)
	at com.thoughtworks.selenium.webdriven.SeleneseCommand.apply(SeleneseCommand.java:36)
	at com.thoughtworks.selenium.webdriven.Timer.run(Timer.java:41)
	at com.thoughtworks.selenium.webdriven.WebDriverCommandProcessor.execute(WebDriverCommandProcessor.java:150)
	at com.thoughtworks.selenium.webdriven.WebDriverCommandProcessor.doCommand(WebDriverCommandProcessor.java:76)
	at com.thoughtworks.selenium.DefaultSelenium.click(DefaultSelenium.java:198)
	at com.thoughtworks.selenium.Selenium$click$0.call(Unknown Source)
	at DTCM Language Change Eng-Fr-Eng.run(DTCM Language Change Eng-Fr-Eng:41)
	at com.kms.katalon.core.main.ScriptEngine.run(ScriptEngine.java:194)
	at com.kms.katalon.core.main.ScriptEngine.runScriptAsRawText(ScriptEngine.java:119)
	at com.kms.katalon.core.main.TestCaseExecutor.runScript(TestCaseExecutor.java:331)
	at com.kms.katalon.core.main.TestCaseExecutor.doExecute(TestCaseExecutor.java:322)
	at com.kms.katalon.core.main.TestCaseExecutor.processExecutionPhase(TestCaseExecutor.java:301)
	at com.kms.katalon.core.main.TestCaseExecutor.accessMainPhase(TestCaseExecutor.java:293)
	at com.kms.katalon.core.main.TestCaseExecutor.execute(TestCaseExecutor.java:227)
	at com.kms.katalon.core.main.TestSuiteExecutor.accessTestCaseMainPhase(TestSuiteExecutor.java:129)
	at com.kms.katalon.core.main.TestSuiteExecutor.accessTestSuiteMainPhase(TestSuiteExecutor.java:112)
	at com.kms.katalon.core.main.TestSuiteExecutor.execute(TestSuiteExecutor.java:81)
	at com.kms.katalon.core.main.TestCaseMain.startTestSuite(TestCaseMain.java:157)
	at com.kms.katalon.core.main.TestCaseMain$startTestSuite$0.call(Unknown Source)
	at TempTestSuite1553510283658.run(TempTestSuite1553510283658.groovy:35)
Caused by: org.openqa.selenium.NoSuchElementException: Cannot find an element with the xpath: (.//*[normalize-space(text()) and normalize-space(.)='English'])[2]/following::span[1]
For documentation on this error, please visit: http://seleniumhq.org/exceptions/no_such_element.html
Build info: version: '3.7.1', revision: '8a0099a', time: '2017-11-06T21:07:36.161Z'
System info: host: 'SQA-02-004', ip: '192.168.168.23', os.name: 'Windows 10', os.arch: 'amd64', os.version: '10.0', java.version: '1.8.0_181'
Driver info: driver.version: unknown
	at com.thoughtworks.selenium.webdriven.ElementFinder.xpathWizardry(ElementFinder.java:143)
	at com.thoughtworks.selenium.webdriven.ElementFinder.findElementDirectlyIfNecessary(ElementFinder.java:114)
	at com.thoughtworks.selenium.webdriven.ElementFinder.findElement(ElementFinder.java:87)
	at com.thoughtworks.selenium.webdriven.commands.Click.handleSeleneseCommand(Click.java:39)
	at com.thoughtworks.selenium.webdriven.commands.Click.handleSeleneseCommand(Click.java:26)
	at com.thoughtworks.selenium.webdriven.SeleneseCommand.apply(SeleneseCommand.java:36)
	at com.thoughtworks.selenium.webdriven.Timer.run(Timer.java:41)
	at com.thoughtworks.selenium.webdriven.WebDriverCommandProcessor.execute(WebDriverCommandProcessor.java:150)
	at com.thoughtworks.selenium.webdriven.WebDriverCommandProcessor.doCommand(WebDriverCommandProcessor.java:76)
	at com.thoughtworks.selenium.DefaultSelenium.click(DefaultSelenium.java:198)
	at com.thoughtworks.selenium.Selenium$click$0.call(Unknown Source)
	at Script1552030841447.run(Script1552030841447.groovy:41)
	... 13 more


2019-03-25 15:38:33 - [MESSAGE][ERROR] - selenium.click("xpath=(.//*[normalize-space(text()) and normalize-space(.)='English'])[2]/following::span[1]") FAILED.
Reason:
com.thoughtworks.selenium.SeleniumException: Element xpath=(.//*[normalize-space(text()) and normalize-space(.)='English'])[2]/following::span[1] not found
	at com.thoughtworks.selenium.webdriven.ElementFinder.findElement(ElementFinder.java:93)
	at com.thoughtworks.selenium.webdriven.commands.Click.handleSeleneseCommand(Click.java:39)
	at com.thoughtworks.selenium.webdriven.commands.Click.handleSeleneseCommand(Click.java:26)
	at com.thoughtworks.selenium.webdriven.SeleneseCommand.apply(SeleneseCommand.java:36)
	at com.thoughtworks.selenium.webdriven.Timer.run(Timer.java:41)
	at com.thoughtworks.selenium.webdriven.WebDriverCommandProcessor.execute(WebDriverCommandProcessor.java:150)
	at com.thoughtworks.selenium.webdriven.WebDriverCommandProcessor.doCommand(WebDriverCommandProcessor.java:76)
	at com.thoughtworks.selenium.DefaultSelenium.click(DefaultSelenium.java:198)
	at com.thoughtworks.selenium.Selenium$click$0.call(Unknown Source)
	at DTCM Language Change Eng-Fr-Eng.run(DTCM Language Change Eng-Fr-Eng:41)
	at com.kms.katalon.core.main.ScriptEngine.run(ScriptEngine.java:194)
	at com.kms.katalon.core.main.ScriptEngine.runScriptAsRawText(ScriptEngine.java:119)
	at com.kms.katalon.core.main.TestCaseExecutor.runScript(TestCaseExecutor.java:331)
	at com.kms.katalon.core.main.TestCaseExecutor.doExecute(TestCaseExecutor.java:322)
	at com.kms.katalon.core.main.TestCaseExecutor.processExecutionPhase(TestCaseExecutor.java:301)
	at com.kms.katalon.core.main.TestCaseExecutor.accessMainPhase(TestCaseExecutor.java:293)
	at com.kms.katalon.core.main.TestCaseExecutor.execute(TestCaseExecutor.java:227)
	at com.kms.katalon.core.main.TestSuiteExecutor.accessTestCaseMainPhase(TestSuiteExecutor.java:129)
	at com.kms.katalon.core.main.TestSuiteExecutor.accessTestSuiteMainPhase(TestSuiteExecutor.java:112)
	at com.kms.katalon.core.main.TestSuiteExecutor.execute(TestSuiteExecutor.java:81)
	at com.kms.katalon.core.main.TestCaseMain.startTestSuite(TestCaseMain.java:157)
	at com.kms.katalon.core.main.TestCaseMain$startTestSuite$0.call(Unknown Source)
	at TempTestSuite1553510283658.run(TempTestSuite1553510283658.groovy:35)
Caused by: org.openqa.selenium.NoSuchElementException: Cannot find an element with the xpath: (.//*[normalize-space(text()) and normalize-space(.)='English'])[2]/following::span[1]
For documentation on this error, please visit: http://seleniumhq.org/exceptions/no_such_element.html
Build info: version: '3.7.1', revision: '8a0099a', time: '2017-11-06T21:07:36.161Z'
System info: host: 'SQA-02-004', ip: '192.168.168.23', os.name: 'Windows 10', os.arch: 'amd64', os.version: '10.0', java.version: '1.8.0_181'
Driver info: driver.version: unknown
	at com.thoughtworks.selenium.webdriven.ElementFinder.xpathWizardry(ElementFinder.java:143)
	at com.thoughtworks.selenium.webdriven.ElementFinder.findElementDirectlyIfNecessary(ElementFinder.java:114)
	at com.thoughtworks.selenium.webdriven.ElementFinder.findElement(ElementFinder.java:87)
	at com.thoughtworks.selenium.webdriven.commands.Click.handleSeleneseCommand(Click.java:39)
	at com.thoughtworks.selenium.webdriven.commands.Click.handleSeleneseCommand(Click.java:26)
	at com.thoughtworks.selenium.webdriven.SeleneseCommand.apply(SeleneseCommand.java:36)
	at com.thoughtworks.selenium.webdriven.Timer.run(Timer.java:41)
	at com.thoughtworks.selenium.webdriven.WebDriverCommandProcessor.execute(WebDriverCommandProcessor.java:150)
	at com.thoughtworks.selenium.webdriven.WebDriverCommandProcessor.doCommand(WebDriverCommandProcessor.java:76)
	at com.thoughtworks.selenium.DefaultSelenium.click(DefaultSelenium.java:198)
	at com.thoughtworks.selenium.Selenium$click$0.call(Unknown Source)
	at Script1552030841447.run(Script1552030841447.groovy:41)
	... 13 more]]></system-out>
         <system-err><![CDATA[2019-03-25 15:38:27 - [TEST_CASE][ERROR] - Test Cases/DTCM/Language Change/DTCM Language Change Eng-Fr-Eng: Test Cases/DTCM/Language Change/DTCM Language Change Eng-Fr-Eng FAILED.
Reason:
com.thoughtworks.selenium.SeleniumException: Element xpath=(.//*[normalize-space(text()) and normalize-space(.)='English'])[2]/following::span[1] not found
	at com.thoughtworks.selenium.webdriven.ElementFinder.findElement(ElementFinder.java:93)
	at com.thoughtworks.selenium.webdriven.commands.Click.handleSeleneseCommand(Click.java:39)
	at com.thoughtworks.selenium.webdriven.commands.Click.handleSeleneseCommand(Click.java:26)
	at com.thoughtworks.selenium.webdriven.SeleneseCommand.apply(SeleneseCommand.java:36)
	at com.thoughtworks.selenium.webdriven.Timer.run(Timer.java:41)
	at com.thoughtworks.selenium.webdriven.WebDriverCommandProcessor.execute(WebDriverCommandProcessor.java:150)
	at com.thoughtworks.selenium.webdriven.WebDriverCommandProcessor.doCommand(WebDriverCommandProcessor.java:76)
	at com.thoughtworks.selenium.DefaultSelenium.click(DefaultSelenium.java:198)
	at com.thoughtworks.selenium.Selenium$click$0.call(Unknown Source)
	at DTCM Language Change Eng-Fr-Eng.run(DTCM Language Change Eng-Fr-Eng:41)
	at com.kms.katalon.core.main.ScriptEngine.run(ScriptEngine.java:194)
	at com.kms.katalon.core.main.ScriptEngine.runScriptAsRawText(ScriptEngine.java:119)
	at com.kms.katalon.core.main.TestCaseExecutor.runScript(TestCaseExecutor.java:331)
	at com.kms.katalon.core.main.TestCaseExecutor.doExecute(TestCaseExecutor.java:322)
	at com.kms.katalon.core.main.TestCaseExecutor.processExecutionPhase(TestCaseExecutor.java:301)
	at com.kms.katalon.core.main.TestCaseExecutor.accessMainPhase(TestCaseExecutor.java:293)
	at com.kms.katalon.core.main.TestCaseExecutor.execute(TestCaseExecutor.java:227)
	at com.kms.katalon.core.main.TestSuiteExecutor.accessTestCaseMainPhase(TestSuiteExecutor.java:129)
	at com.kms.katalon.core.main.TestSuiteExecutor.accessTestSuiteMainPhase(TestSuiteExecutor.java:112)
	at com.kms.katalon.core.main.TestSuiteExecutor.execute(TestSuiteExecutor.java:81)
	at com.kms.katalon.core.main.TestCaseMain.startTestSuite(TestCaseMain.java:157)
	at com.kms.katalon.core.main.TestCaseMain$startTestSuite$0.call(Unknown Source)
	at TempTestSuite1553510283658.run(TempTestSuite1553510283658.groovy:35)
Caused by: org.openqa.selenium.NoSuchElementException: Cannot find an element with the xpath: (.//*[normalize-space(text()) and normalize-space(.)='English'])[2]/following::span[1]
For documentation on this error, please visit: http://seleniumhq.org/exceptions/no_such_element.html
Build info: version: '3.7.1', revision: '8a0099a', time: '2017-11-06T21:07:36.161Z'
System info: host: 'SQA-02-004', ip: '192.168.168.23', os.name: 'Windows 10', os.arch: 'amd64', os.version: '10.0', java.version: '1.8.0_181'
Driver info: driver.version: unknown
	at com.thoughtworks.selenium.webdriven.ElementFinder.xpathWizardry(ElementFinder.java:143)
	at com.thoughtworks.selenium.webdriven.ElementFinder.findElementDirectlyIfNecessary(ElementFinder.java:114)
	at com.thoughtworks.selenium.webdriven.ElementFinder.findElement(ElementFinder.java:87)
	at com.thoughtworks.selenium.webdriven.commands.Click.handleSeleneseCommand(Click.java:39)
	at com.thoughtworks.selenium.webdriven.commands.Click.handleSeleneseCommand(Click.java:26)
	at com.thoughtworks.selenium.webdriven.SeleneseCommand.apply(SeleneseCommand.java:36)
	at com.thoughtworks.selenium.webdriven.Timer.run(Timer.java:41)
	at com.thoughtworks.selenium.webdriven.WebDriverCommandProcessor.execute(WebDriverCommandProcessor.java:150)
	at com.thoughtworks.selenium.webdriven.WebDriverCommandProcessor.doCommand(WebDriverCommandProcessor.java:76)
	at com.thoughtworks.selenium.DefaultSelenium.click(DefaultSelenium.java:198)
	at com.thoughtworks.selenium.Selenium$click$0.call(Unknown Source)
	at Script1552030841447.run(Script1552030841447.groovy:41)
	... 13 more]]></system-err>
      </testcase>
      <testcase name="Test Cases/DTCM/Language Change/Language Change Az-Fr-Az" classname="Test Cases/DTCM/Language Change/Language Change Az-Fr-Az" status="PASSED">
         <system-out><![CDATA[2019-03-25 15:38:33 - [TEST_CASE][PASSED] - Test Cases/DTCM/Language Change/Language Change Az-Fr-Az: Test Cases/DTCM/Language Change/Language Change Az-Fr-Az

2019-03-25 15:38:33 - [TEST_STEP][PASSED] - openBrowser("https://www.google.com/"): Browser is opened with url: 'https://www.google.com/'

2019-03-25 15:38:33 - [MESSAGE][WARNING] - A browser is already opened. Closing browser and opening a new one

2019-03-25 15:38:34 - [MESSAGE][INFO] - Starting 'Chrome' driver

2019-03-25 15:38:38 - [MESSAGE][PASSED] - Browser is opened with url: 'https://www.google.com/'

2019-03-25 15:38:38 - [TEST_STEP][PASSED] - driver = getWebDriver(): null

2019-03-25 15:38:38 - [TEST_STEP][PASSED] - baseUrl = "https://www.google.com/": null

2019-03-25 15:38:38 - [TEST_STEP][PASSED] - selenium = new com.thoughtworks.selenium.webdriven.WebDriverBackedSelenium(driver, baseUrl): null

2019-03-25 15:38:38 - [TEST_STEP][PASSED] - window().maximize(): null

2019-03-25 15:38:39 - [TEST_STEP][PASSED] - selenium.open("https://qacd2.testvisitdubai.com/en/account/login?v=78798789"): null

2019-03-25 15:38:49 - [TEST_STEP][PASSED] - window().maximize(): null

2019-03-25 15:38:49 - [TEST_STEP][PASSED] - CurrentURL = "https://qacd2.testvisitdubai.com/en/account/login?v=78798789": null

2019-03-25 15:38:49 - [TEST_STEP][PASSED] - locationNow = location: null

2019-03-25 15:38:49 - [TEST_STEP][PASSED] - CssSelector = "css=.dd-options:first li": null

2019-03-25 15:38:49 - [TEST_STEP][PASSED] - dropdown = "xpath=(.//*[normalize-space(text()) and normalize-space(.)=": null

2019-03-25 15:38:49 - [TEST_STEP][PASSED] - selenium.click(dropdown + "'English'])[2]/following::span[1]"): null

2019-03-25 15:38:49 - [TEST_STEP][PASSED] - Thread.sleep(4000): null

2019-03-25 15:38:53 - [TEST_STEP][PASSED] - selenium.click(CssSelector + ":nth-child(3) .dd-option"): null

2019-03-25 15:39:02 - [TEST_STEP][PASSED] - if (CurrentURL != location): null

2019-03-25 15:39:02 - [TEST_STEP][PASSED] - out.println("Test Case is Passed in Azərbaycan "): null

2019-03-25 15:39:02 - [TEST_STEP][PASSED] - Thread.sleep(10000): null

2019-03-25 15:39:12 - [TEST_STEP][PASSED] - out.println(locationNow): null

2019-03-25 15:39:12 - [TEST_STEP][PASSED] - selenium.click(dropdown + "'Azərbaycan'])[2]/following::span[1]"): null

2019-03-25 15:39:12 - [TEST_STEP][PASSED] - Thread.sleep(2000): null

2019-03-25 15:39:14 - [TEST_STEP][PASSED] - selenium.click(CssSelector + ":nth-child(9) .dd-option"): null

2019-03-25 15:39:14 - [TEST_STEP][PASSED] - if (CurrentURL != location): null

2019-03-25 15:39:32 - [TEST_STEP][PASSED] - out.println("Test Case is Passed in Français "): null

2019-03-25 15:39:32 - [TEST_STEP][PASSED] - selenium.click(dropdown + "'Français'])[2]/following::span[1]"): null

2019-03-25 15:39:33 - [TEST_STEP][PASSED] - Thread.sleep(2000): null

2019-03-25 15:39:35 - [TEST_STEP][PASSED] - selenium.click(CssSelector + ":nth-child(1) .dd-option"): null]]></system-out>
         <system-err><![CDATA[]]></system-err>
      </testcase>
      <testcase name="Test Cases/DTCM/Forget Password/Forget Login Info" classname="Test Cases/DTCM/Forget Password/Forget Login Info" status="PASSED">
         <system-out><![CDATA[2019-03-25 15:39:43 - [TEST_CASE][PASSED] - Test Cases/DTCM/Forget Password/Forget Login Info: Test Cases/DTCM/Forget Password/Forget Login Info

2019-03-25 15:39:43 - [TEST_STEP][PASSED] - openBrowser("https://www.google.com/"): Browser is opened with url: 'https://www.google.com/'

2019-03-25 15:39:43 - [MESSAGE][WARNING] - A browser is already opened. Closing browser and opening a new one

2019-03-25 15:39:44 - [MESSAGE][INFO] - Starting 'Chrome' driver

2019-03-25 15:39:48 - [MESSAGE][PASSED] - Browser is opened with url: 'https://www.google.com/'

2019-03-25 15:39:48 - [TEST_STEP][PASSED] - driver = getWebDriver(): null

2019-03-25 15:39:48 - [TEST_STEP][PASSED] - base = driver.getWindowHandle(): null

2019-03-25 15:39:48 - [TEST_STEP][PASSED] - StartPoint = "https://www.google.com/": null

2019-03-25 15:39:48 - [TEST_STEP][PASSED] - email = "muhammad.saad@ovrlod.com": null

2019-03-25 15:39:48 - [TEST_STEP][PASSED] - selenium = new com.thoughtworks.selenium.webdriven.WebDriverBackedSelenium(driver, StartPoint): null

2019-03-25 15:39:48 - [TEST_STEP][PASSED] - selenium.open("https://qacd2.testvisitdubai.com/en/account/login?v=78798789"): null

2019-03-25 15:39:57 - [TEST_STEP][PASSED] - Thread.sleep(5000): null

2019-03-25 15:40:02 - [TEST_STEP][PASSED] - selenium.click("link=exact:Forgot login info?"): null

2019-03-25 15:40:05 - [TEST_STEP][PASSED] - selenium.click("id=txtResetPasswordEmail"): null

2019-03-25 15:40:06 - [TEST_STEP][PASSED] - selenium.type("id=txtResetPasswordEmail", email): null

2019-03-25 15:40:06 - [TEST_STEP][PASSED] - selenium.click("id=resetpassworddiv"): null

2019-03-25 15:40:06 - [TEST_STEP][PASSED] - selenium.click("id=plhcontent_0_btnSendAccountReset"): null

2019-03-25 15:40:06 - [TEST_STEP][PASSED] - Thread.sleep(20000): null

2019-03-25 15:40:26 - [TEST_STEP][PASSED] - js = driver: null

2019-03-25 15:40:26 - [TEST_STEP][PASSED] - Thread.sleep(500): null

2019-03-25 15:40:27 - [TEST_STEP][PASSED] - CreateAccountUrl = "https://qacd2.testvisitdubai.com/en/account/create-account?UT=" + email: null

2019-03-25 15:40:27 - [TEST_STEP][PASSED] - command = "window.open('" + CreateAccountUrl + "');": null

2019-03-25 15:40:27 - [TEST_STEP][PASSED] - out.println(command): null

2019-03-25 15:40:27 - [TEST_STEP][PASSED] - js.executeScript(command): null

2019-03-25 15:40:27 - [TEST_STEP][PASSED] - Thread.sleep(3000): null

2019-03-25 15:40:30 - [TEST_STEP][PASSED] - tabs = new java.util.ArrayList(driver.getWindowHandles()): null

2019-03-25 15:40:30 - [TEST_STEP][PASSED] - out.println(tabs.size()): null

2019-03-25 15:40:30 - [TEST_STEP][PASSED] - switchTo().window(tabs.get(1)): null

2019-03-25 15:40:30 - [TEST_STEP][PASSED] - Thread.sleep(5000): null

2019-03-25 15:40:35 - [TEST_STEP][PASSED] - ParentElement = driver.findElement(By.id("divHomeWrap")): null

2019-03-25 15:40:36 - [TEST_STEP][PASSED] - htmlstring = ParentElement.getText(): null

2019-03-25 15:40:36 - [TEST_STEP][PASSED] - out.println(htmlstring): null

2019-03-25 15:40:36 - [TEST_STEP][PASSED] - ChildList = ParentElement.findElements(By.tagName("h2")): null

2019-03-25 15:40:36 - [TEST_STEP][PASSED] - otp = ChildList.get(0): null

2019-03-25 15:40:36 - [TEST_STEP][PASSED] - value = otp.getText(): null

2019-03-25 15:40:36 - [TEST_STEP][PASSED] - out.println(value): null

2019-03-25 15:40:36 - [TEST_STEP][PASSED] - Thread.sleep(2500): null

2019-03-25 15:40:39 - [TEST_STEP][PASSED] - switchTo().window(base): null

2019-03-25 15:40:39 - [TEST_STEP][PASSED] - selenium.click("id=txtToken"): null

2019-03-25 15:40:39 - [TEST_STEP][PASSED] - selenium.type("id=txtToken", value): null

2019-03-25 15:40:39 - [TEST_STEP][PASSED] - selenium.click("id=plhcontent_0_btnVerifyToken"): null

2019-03-25 15:40:39 - [TEST_STEP][PASSED] - Thread.sleep(2500): null

2019-03-25 15:40:42 - [TEST_STEP][PASSED] - selenium.click("id=password"): null

2019-03-25 15:40:42 - [TEST_STEP][PASSED] - Thread.sleep(500): null

2019-03-25 15:40:42 - [TEST_STEP][PASSED] - selenium.type("id=password", "Qwerty#1234"): null

2019-03-25 15:40:43 - [TEST_STEP][PASSED] - selenium.click("id=confirmPassword"): null

2019-03-25 15:40:43 - [TEST_STEP][PASSED] - Thread.sleep(500): null

2019-03-25 15:40:43 - [TEST_STEP][PASSED] - selenium.type("id=confirmPassword", "Qwerty#1234"): null

2019-03-25 15:40:43 - [TEST_STEP][PASSED] - selenium.click("id=plhcontent_0_lbtnSubmit"): null

2019-03-25 15:40:46 - [TEST_STEP][PASSED] - Thread.sleep(2500): null]]></system-out>
         <system-err><![CDATA[]]></system-err>
      </testcase>
      <testcase name="Test Cases/DTCM/Login and logout/DTCM Invalid Login Scenario" classname="Test Cases/DTCM/Login and logout/DTCM Invalid Login Scenario" status="PASSED">
         <system-out><![CDATA[2019-03-25 15:40:49 - [TEST_CASE][PASSED] - Test Cases/DTCM/Login and logout/DTCM Invalid Login Scenario: Test Cases/DTCM/Login and logout/DTCM Invalid Login Scenario

2019-03-25 15:40:49 - [TEST_STEP][PASSED] - openBrowser("https://www.google.com/"): Browser is opened with url: 'https://www.google.com/'

2019-03-25 15:40:49 - [MESSAGE][WARNING] - A browser is already opened. Closing browser and opening a new one

2019-03-25 15:40:49 - [MESSAGE][INFO] - Starting 'Chrome' driver

2019-03-25 15:40:54 - [MESSAGE][PASSED] - Browser is opened with url: 'https://www.google.com/'

2019-03-25 15:40:54 - [TEST_STEP][PASSED] - driver = getWebDriver(): null

2019-03-25 15:40:54 - [TEST_STEP][PASSED] - baseUrl = "https://www.google.com/": null

2019-03-25 15:40:54 - [TEST_STEP][PASSED] - selenium = new com.thoughtworks.selenium.webdriven.WebDriverBackedSelenium(driver, baseUrl): null

2019-03-25 15:40:54 - [TEST_STEP][PASSED] - window().maximize(): null

2019-03-25 15:40:55 - [TEST_STEP][PASSED] - CurrentURL = "https://qacd2.testvisitdubai.com/en/account/login?v=78798789": null

2019-03-25 15:40:55 - [TEST_STEP][PASSED] - username = "muhammad.saad@ovrlod.com": null

2019-03-25 15:40:55 - [TEST_STEP][PASSED] - password = "Qwerty##1244": null

2019-03-25 15:40:55 - [TEST_STEP][PASSED] - selenium.open(CurrentURL): null

2019-03-25 15:41:05 - [TEST_STEP][PASSED] - selenium.click("id=tbUsername"): null

2019-03-25 15:41:05 - [TEST_STEP][PASSED] - Thread.sleep(1500): null

2019-03-25 15:41:06 - [TEST_STEP][PASSED] - selenium.type("id=tbUsername", username): null

2019-03-25 15:41:06 - [TEST_STEP][PASSED] - selenium.type("id=tbPassword", password): null

2019-03-25 15:41:06 - [TEST_STEP][PASSED] - Thread.sleep(1500): null

2019-03-25 15:41:08 - [TEST_STEP][PASSED] - selenium.click("id=plhcontent_0_lbtnSubmit"): null

2019-03-25 15:41:11 - [TEST_STEP][PASSED] - Thread.sleep(500): null

2019-03-25 15:41:11 - [TEST_STEP][PASSED] - locationNow = location: null

2019-03-25 15:41:11 - [TEST_STEP][PASSED] - if (CurrentURL == locationNow): null

2019-03-25 15:41:11 - [TEST_STEP][PASSED] - out.println("Test Case is Passed"): null]]></system-out>
         <system-err><![CDATA[]]></system-err>
      </testcase>
      <testcase name="Test Cases/DTCM/Login and logout/LoginFormValidation" classname="Test Cases/DTCM/Login and logout/LoginFormValidation" status="PASSED">
         <system-out><![CDATA[2019-03-25 15:41:11 - [TEST_CASE][PASSED] - Test Cases/DTCM/Login and logout/LoginFormValidation: Test Cases/DTCM/Login and logout/LoginFormValidation

2019-03-25 15:41:11 - [TEST_STEP][PASSED] - openBrowser("https://qacd2.testvisitdubai.com/en/account/login?v=78798789"): Browser is opened with url: 'https://qacd2.testvisitdubai.com/en/account/login?v=78798789'

2019-03-25 15:41:11 - [MESSAGE][WARNING] - A browser is already opened. Closing browser and opening a new one

2019-03-25 15:41:12 - [MESSAGE][INFO] - Starting 'Chrome' driver

2019-03-25 15:41:20 - [MESSAGE][PASSED] - Browser is opened with url: 'https://qacd2.testvisitdubai.com/en/account/login?v=78798789'

2019-03-25 15:41:20 - [TEST_STEP][PASSED] - driver = getWebDriver(): null

2019-03-25 15:41:20 - [TEST_STEP][PASSED] - baseUrl = "https://qacd2.testvisitdubai.com/en/account/login?v=78798789": null

2019-03-25 15:41:20 - [TEST_STEP][PASSED] - selenium = new com.thoughtworks.selenium.webdriven.WebDriverBackedSelenium(driver, baseUrl): null

2019-03-25 15:41:20 - [TEST_STEP][PASSED] - window().maximize(): null

2019-03-25 15:41:21 - [TEST_STEP][PASSED] - Thread.sleep(2500): null

2019-03-25 15:41:24 - [TEST_STEP][PASSED] - selenium.type("id=tbUsername", "muhammad.saad@ovrlod.com"): null

2019-03-25 15:41:24 - [TEST_STEP][PASSED] - Thread.sleep(2000): null

2019-03-25 15:41:26 - [TEST_STEP][PASSED] - selenium.click("id=plhcontent_0_lbtnSubmit"): null

2019-03-25 15:41:26 - [TEST_STEP][PASSED] - emailFieldErrorDisplay = id("plhcontent_0_rfvEmail")).getCssValue("display"): null

2019-03-25 15:41:26 - [TEST_STEP][PASSED] - passFieldErrorDisplay = id("plhcontent_0_rfvPassword")).getCssValue("display"): null

2019-03-25 15:41:26 - [TEST_STEP][PASSED] - if (passFieldErrorDisplay != "none"): null

2019-03-25 15:41:26 - [TEST_STEP][PASSED] - out.println("Test Case is Passed"): null]]></system-out>
         <system-err><![CDATA[]]></system-err>
      </testcase>
      <testcase name="Test Cases/DTCM/SignUp/Create Account" classname="Test Cases/DTCM/SignUp/Create Account" status="PASSED">
         <system-out><![CDATA[2019-03-25 15:41:26 - [TEST_CASE][PASSED] - Test Cases/DTCM/SignUp/Create Account: Test Cases/DTCM/SignUp/Create Account

2019-03-25 15:41:26 - [TEST_STEP][PASSED] - openBrowser("https://www.google.com/"): Browser is opened with url: 'https://www.google.com/'

2019-03-25 15:41:26 - [MESSAGE][WARNING] - A browser is already opened. Closing browser and opening a new one

2019-03-25 15:41:27 - [MESSAGE][INFO] - Starting 'Chrome' driver

2019-03-25 15:41:32 - [MESSAGE][PASSED] - Browser is opened with url: 'https://www.google.com/'

2019-03-25 15:41:32 - [TEST_STEP][PASSED] - driver = getWebDriver(): null

2019-03-25 15:41:32 - [TEST_STEP][PASSED] - baseUrl = "https://www.katalon.com/": null

2019-03-25 15:41:32 - [TEST_STEP][PASSED] - email = "rabeet.siddiqui@ovrlod.com": null

2019-03-25 15:41:32 - [TEST_STEP][PASSED] - password = "Qwerty#1": null

2019-03-25 15:41:32 - [TEST_STEP][PASSED] - name = "Rabeet": null

2019-03-25 15:41:32 - [TEST_STEP][PASSED] - lastname = "Siddiqui": null

2019-03-25 15:41:32 - [TEST_STEP][PASSED] - selenium = new com.thoughtworks.selenium.webdriven.WebDriverBackedSelenium(driver, baseUrl): null

2019-03-25 15:41:32 - [TEST_STEP][PASSED] - window().maximize(): null

2019-03-25 15:41:33 - [TEST_STEP][PASSED] - selenium.open("https://qacd2.testvisitdubai.com/en/account/create-account"): null

2019-03-25 15:41:40 - [TEST_STEP][PASSED] - selenium.click("id=firstName"): null

2019-03-25 15:41:40 - [TEST_STEP][PASSED] - Thread.sleep(500): null

2019-03-25 15:41:41 - [TEST_STEP][PASSED] - selenium.type("id=firstName", name): null

2019-03-25 15:41:41 - [TEST_STEP][PASSED] - Thread.sleep(500): null

2019-03-25 15:41:41 - [TEST_STEP][PASSED] - selenium.type("id=lastName", lastname): null

2019-03-25 15:41:41 - [TEST_STEP][PASSED] - Thread.sleep(500): null

2019-03-25 15:41:42 - [TEST_STEP][PASSED] - selenium.type("id=password", password): null

2019-03-25 15:41:42 - [TEST_STEP][PASSED] - Thread.sleep(500): null

2019-03-25 15:41:42 - [TEST_STEP][PASSED] - selenium.type("id=confirmPassword", password): null

2019-03-25 15:41:42 - [TEST_STEP][PASSED] - Thread.sleep(500): null

2019-03-25 15:41:43 - [TEST_STEP][PASSED] - selenium.type("id=email", email): null

2019-03-25 15:41:43 - [TEST_STEP][PASSED] - Thread.sleep(500): null

2019-03-25 15:41:43 - [TEST_STEP][PASSED] - selenium.click("link=Country/Region"): null

2019-03-25 15:41:43 - [TEST_STEP][PASSED] - Thread.sleep(500): null

2019-03-25 15:41:44 - [TEST_STEP][PASSED] - selenium.click("xpath=(.//*[normalize-space(text()) and normalize-space(.)='Country/Region'])[4]/following::label[1]"): null

2019-03-25 15:41:44 - [TEST_STEP][PASSED] - Thread.sleep(500): null

2019-03-25 15:41:44 - [TEST_STEP][PASSED] - selenium.click("xpath=(.//*[normalize-space(text()) and normalize-space(.)='Privacy Policy'])[1]/following::label[1]"): null

2019-03-25 15:41:45 - [TEST_STEP][PASSED] - Thread.sleep(1500): null

2019-03-25 15:41:46 - [TEST_STEP][PASSED] - selenium.click("id=plhcontent_0_lbtnSubmit"): null

2019-03-25 15:41:49 - [TEST_STEP][PASSED] - Thread.sleep(1500): null

2019-03-25 15:41:51 - [TEST_STEP][PASSED] - selenium.open("https://qacd2.testvisitdubai.com/en/account/create-account?UT=" + email): null

2019-03-25 15:41:53 - [TEST_STEP][PASSED] - Thread.sleep(3000): null

2019-03-25 15:41:56 - [TEST_STEP][PASSED] - ParentElement = driver.findElement(By.id("divHomeWrap")): null

2019-03-25 15:41:56 - [TEST_STEP][PASSED] - ChildList = ParentElement.findElements(By.tagName("h2")): null

2019-03-25 15:41:56 - [TEST_STEP][PASSED] - otp = ChildList.get(0): null

2019-03-25 15:41:56 - [TEST_STEP][PASSED] - value = otp.getText(): null

2019-03-25 15:41:56 - [TEST_STEP][PASSED] - Thread.sleep(2500): null

2019-03-25 15:41:59 - [TEST_STEP][PASSED] - stringurl = "https://qacd2.testvisitdubai.com/en/account/token-verification?register=1&token=" + value: null

2019-03-25 15:41:59 - [TEST_STEP][PASSED] - Thread.sleep(1500): null

2019-03-25 15:42:00 - [TEST_STEP][PASSED] - selenium.open(stringurl): null

2019-03-25 15:42:02 - [TEST_STEP][PASSED] - Thread.sleep(1500): null]]></system-out>
         <system-err><![CDATA[]]></system-err>
      </testcase>
      <system-out><![CDATA[2019-03-25 15:38:05 - [TEST_SUITE][ERROR] - DTCM QA Automation: Test Cases/DTCM/Language Change/DTCM Language Change Eng-Fr-Eng FAILED.
Reason:
com.thoughtworks.selenium.SeleniumException: Element xpath=(.//*[normalize-space(text()) and normalize-space(.)='English'])[2]/following::span[1] not found
	at com.thoughtworks.selenium.webdriven.ElementFinder.findElement(ElementFinder.java:93)
	at com.thoughtworks.selenium.webdriven.commands.Click.handleSeleneseCommand(Click.java:39)
	at com.thoughtworks.selenium.webdriven.commands.Click.handleSeleneseCommand(Click.java:26)
	at com.thoughtworks.selenium.webdriven.SeleneseCommand.apply(SeleneseCommand.java:36)
	at com.thoughtworks.selenium.webdriven.Timer.run(Timer.java:41)
	at com.thoughtworks.selenium.webdriven.WebDriverCommandProcessor.execute(WebDriverCommandProcessor.java:150)
	at com.thoughtworks.selenium.webdriven.WebDriverCommandProcessor.doCommand(WebDriverCommandProcessor.java:76)
	at com.thoughtworks.selenium.DefaultSelenium.click(DefaultSelenium.java:198)
	at com.thoughtworks.selenium.Selenium$click$0.call(Unknown Source)
	at DTCM Language Change Eng-Fr-Eng.run(DTCM Language Change Eng-Fr-Eng:41)
	at com.kms.katalon.core.main.ScriptEngine.run(ScriptEngine.java:194)
	at com.kms.katalon.core.main.ScriptEngine.runScriptAsRawText(ScriptEngine.java:119)
	at com.kms.katalon.core.main.TestCaseExecutor.runScript(TestCaseExecutor.java:331)
	at com.kms.katalon.core.main.TestCaseExecutor.doExecute(TestCaseExecutor.java:322)
	at com.kms.katalon.core.main.TestCaseExecutor.processExecutionPhase(TestCaseExecutor.java:301)
	at com.kms.katalon.core.main.TestCaseExecutor.accessMainPhase(TestCaseExecutor.java:293)
	at com.kms.katalon.core.main.TestCaseExecutor.execute(TestCaseExecutor.java:227)
	at com.kms.katalon.core.main.TestSuiteExecutor.accessTestCaseMainPhase(TestSuiteExecutor.java:129)
	at com.kms.katalon.core.main.TestSuiteExecutor.accessTestSuiteMainPhase(TestSuiteExecutor.java:112)
	at com.kms.katalon.core.main.TestSuiteExecutor.execute(TestSuiteExecutor.java:81)
	at com.kms.katalon.core.main.TestCaseMain.startTestSuite(TestCaseMain.java:157)
	at com.kms.katalon.core.main.TestCaseMain$startTestSuite$0.call(Unknown Source)
	at TempTestSuite1553510283658.run(TempTestSuite1553510283658.groovy:35)
Caused by: org.openqa.selenium.NoSuchElementException: Cannot find an element with the xpath: (.//*[normalize-space(text()) and normalize-space(.)='English'])[2]/following::span[1]
For documentation on this error, please visit: http://seleniumhq.org/exceptions/no_such_element.html
Build info: version: '3.7.1', revision: '8a0099a', time: '2017-11-06T21:07:36.161Z'
System info: host: 'SQA-02-004', ip: '192.168.168.23', os.name: 'Windows 10', os.arch: 'amd64', os.version: '10.0', java.version: '1.8.0_181'
Driver info: driver.version: unknown
	at com.thoughtworks.selenium.webdriven.ElementFinder.xpathWizardry(ElementFinder.java:143)
	at com.thoughtworks.selenium.webdriven.ElementFinder.findElementDirectlyIfNecessary(ElementFinder.java:114)
	at com.thoughtworks.selenium.webdriven.ElementFinder.findElement(ElementFinder.java:87)
	at com.thoughtworks.selenium.webdriven.commands.Click.handleSeleneseCommand(Click.java:39)
	at com.thoughtworks.selenium.webdriven.commands.Click.handleSeleneseCommand(Click.java:26)
	at com.thoughtworks.selenium.webdriven.SeleneseCommand.apply(SeleneseCommand.java:36)
	at com.thoughtworks.selenium.webdriven.Timer.run(Timer.java:41)
	at com.thoughtworks.selenium.webdriven.WebDriverCommandProcessor.execute(WebDriverCommandProcessor.java:150)
	at com.thoughtworks.selenium.webdriven.WebDriverCommandProcessor.doCommand(WebDriverCommandProcessor.java:76)
	at com.thoughtworks.selenium.DefaultSelenium.click(DefaultSelenium.java:198)
	at com.thoughtworks.selenium.Selenium$click$0.call(Unknown Source)
	at Script1552030841447.run(Script1552030841447.groovy:41)
	... 13 more]]></system-out>
      <system-err><![CDATA[2019-03-25 15:38:05 - [TEST_SUITE][ERROR] - DTCM QA Automation: Test Cases/DTCM/Language Change/DTCM Language Change Eng-Fr-Eng FAILED.
Reason:
com.thoughtworks.selenium.SeleniumException: Element xpath=(.//*[normalize-space(text()) and normalize-space(.)='English'])[2]/following::span[1] not found
	at com.thoughtworks.selenium.webdriven.ElementFinder.findElement(ElementFinder.java:93)
	at com.thoughtworks.selenium.webdriven.commands.Click.handleSeleneseCommand(Click.java:39)
	at com.thoughtworks.selenium.webdriven.commands.Click.handleSeleneseCommand(Click.java:26)
	at com.thoughtworks.selenium.webdriven.SeleneseCommand.apply(SeleneseCommand.java:36)
	at com.thoughtworks.selenium.webdriven.Timer.run(Timer.java:41)
	at com.thoughtworks.selenium.webdriven.WebDriverCommandProcessor.execute(WebDriverCommandProcessor.java:150)
	at com.thoughtworks.selenium.webdriven.WebDriverCommandProcessor.doCommand(WebDriverCommandProcessor.java:76)
	at com.thoughtworks.selenium.DefaultSelenium.click(DefaultSelenium.java:198)
	at com.thoughtworks.selenium.Selenium$click$0.call(Unknown Source)
	at DTCM Language Change Eng-Fr-Eng.run(DTCM Language Change Eng-Fr-Eng:41)
	at com.kms.katalon.core.main.ScriptEngine.run(ScriptEngine.java:194)
	at com.kms.katalon.core.main.ScriptEngine.runScriptAsRawText(ScriptEngine.java:119)
	at com.kms.katalon.core.main.TestCaseExecutor.runScript(TestCaseExecutor.java:331)
	at com.kms.katalon.core.main.TestCaseExecutor.doExecute(TestCaseExecutor.java:322)
	at com.kms.katalon.core.main.TestCaseExecutor.processExecutionPhase(TestCaseExecutor.java:301)
	at com.kms.katalon.core.main.TestCaseExecutor.accessMainPhase(TestCaseExecutor.java:293)
	at com.kms.katalon.core.main.TestCaseExecutor.execute(TestCaseExecutor.java:227)
	at com.kms.katalon.core.main.TestSuiteExecutor.accessTestCaseMainPhase(TestSuiteExecutor.java:129)
	at com.kms.katalon.core.main.TestSuiteExecutor.accessTestSuiteMainPhase(TestSuiteExecutor.java:112)
	at com.kms.katalon.core.main.TestSuiteExecutor.execute(TestSuiteExecutor.java:81)
	at com.kms.katalon.core.main.TestCaseMain.startTestSuite(TestCaseMain.java:157)
	at com.kms.katalon.core.main.TestCaseMain$startTestSuite$0.call(Unknown Source)
	at TempTestSuite1553510283658.run(TempTestSuite1553510283658.groovy:35)
Caused by: org.openqa.selenium.NoSuchElementException: Cannot find an element with the xpath: (.//*[normalize-space(text()) and normalize-space(.)='English'])[2]/following::span[1]
For documentation on this error, please visit: http://seleniumhq.org/exceptions/no_such_element.html
Build info: version: '3.7.1', revision: '8a0099a', time: '2017-11-06T21:07:36.161Z'
System info: host: 'SQA-02-004', ip: '192.168.168.23', os.name: 'Windows 10', os.arch: 'amd64', os.version: '10.0', java.version: '1.8.0_181'
Driver info: driver.version: unknown
	at com.thoughtworks.selenium.webdriven.ElementFinder.xpathWizardry(ElementFinder.java:143)
	at com.thoughtworks.selenium.webdriven.ElementFinder.findElementDirectlyIfNecessary(ElementFinder.java:114)
	at com.thoughtworks.selenium.webdriven.ElementFinder.findElement(ElementFinder.java:87)
	at com.thoughtworks.selenium.webdriven.commands.Click.handleSeleneseCommand(Click.java:39)
	at com.thoughtworks.selenium.webdriven.commands.Click.handleSeleneseCommand(Click.java:26)
	at com.thoughtworks.selenium.webdriven.SeleneseCommand.apply(SeleneseCommand.java:36)
	at com.thoughtworks.selenium.webdriven.Timer.run(Timer.java:41)
	at com.thoughtworks.selenium.webdriven.WebDriverCommandProcessor.execute(WebDriverCommandProcessor.java:150)
	at com.thoughtworks.selenium.webdriven.WebDriverCommandProcessor.doCommand(WebDriverCommandProcessor.java:76)
	at com.thoughtworks.selenium.DefaultSelenium.click(DefaultSelenium.java:198)
	at com.thoughtworks.selenium.Selenium$click$0.call(Unknown Source)
	at Script1552030841447.run(Script1552030841447.groovy:41)
	... 13 more]]></system-err>
   </testsuite>
</testsuites>
