<?xml version="1.0" encoding="UTF-8"?>
<testsuites name="DTCM QA Automation" time="218" tests="3" failures="0" errors="2">
   <testsuite name="DTCM QA Automation" tests="3" failures="0" errors="2" time="218" timestamp="2019-03-18 15:55:21" hostname="rabeet - SQA-02-004.ovrlod.pk" id="Test Suites/DTCM QA Automation">
      <properties>
         <property name="deviceName" value=""/>
         <property name="devicePlatform" value=""/>
         <property name="logFolder" value="C:\\Users\\rabeet\\Katalon Studio\\DTCM QA Automation\\Reports\\DTCM QA Automation\\20190318_155520"/>
         <property name="logFiles" value="C:\\Users\\rabeet\\Katalon Studio\\DTCM QA Automation\\Reports\\DTCM QA Automation\\20190318_155520\\execution0.log"/>
         <property name="attachments" value=""/>
         <property name="hostName" value="rabeet - SQA-02-004.ovrlod.pk"/>
         <property name="os" value="Windows 10 64bit"/>
         <property name="katalonVersion" value="6.0.5.10"/>
         <property name="browser" value="Chrome 72.0.3626.121"/>
         <property name="hostAddress" value="90.90.90.29"/>
         <property name="sessionId" value="c618c395a18b211774a27344ec4d9e45"/>
         <property name="seleniumVersion" value="3.7.1"/>
         <property name="proxyInformation" value="ProxyInformation{proxyOption=NO_PROXY, proxyServerType=HTTP, password=, proxyServerAddress=, proxyServerPort=0}"/>
         <property name="platform" value="Windows 10"/>
      </properties>
      <testcase name="Test Cases/DTCM/Login and logout/DTCM Invalid Login Scenario" classname="Test Cases/DTCM/Login and logout/DTCM Invalid Login Scenario" status="PASSED">
         <system-out><![CDATA[2019-03-18 15:55:21 - [TEST_CASE][PASSED] - Test Cases/DTCM/Login and logout/DTCM Invalid Login Scenario: Test Cases/DTCM/Login and logout/DTCM Invalid Login Scenario

2019-03-18 15:55:21 - [TEST_STEP][PASSED] - openBrowser("https://www.google.com/"): Browser is opened with url: 'https://www.google.com/'

2019-03-18 15:55:22 - [MESSAGE][INFO] - Starting 'Chrome (headless)' driver

2019-03-18 15:55:22 - [MESSAGE][INFO] - Action delay is set to 0 seconds

2019-03-18 15:55:31 - [MESSAGE][PASSED] - Browser is opened with url: 'https://www.google.com/'

2019-03-18 15:55:31 - [TEST_STEP][PASSED] - driver = getWebDriver(): null

2019-03-18 15:55:31 - [TEST_STEP][PASSED] - baseUrl = "https://www.google.com/": null

2019-03-18 15:55:31 - [TEST_STEP][PASSED] - selenium = new com.thoughtworks.selenium.webdriven.WebDriverBackedSelenium(driver, baseUrl): null

2019-03-18 15:55:31 - [TEST_STEP][PASSED] - window().maximize(): null

2019-03-18 15:55:33 - [TEST_STEP][PASSED] - CurrentURL = "https://qacd2.testvisitdubai.com/en/account/login?v=78798789": null

2019-03-18 15:55:33 - [TEST_STEP][PASSED] - username = "muhammad.saad@ovrlod.com": null

2019-03-18 15:55:33 - [TEST_STEP][PASSED] - password = "Qwerty##1244": null

2019-03-18 15:55:33 - [TEST_STEP][PASSED] - selenium.open(CurrentURL): null

2019-03-18 15:55:49 - [TEST_STEP][PASSED] - selenium.click("id=tbUsername"): null

2019-03-18 15:55:49 - [TEST_STEP][PASSED] - Thread.sleep(1500): null

2019-03-18 15:55:50 - [TEST_STEP][PASSED] - selenium.type("id=tbUsername", username): null

2019-03-18 15:55:51 - [TEST_STEP][PASSED] - selenium.type("id=tbPassword", password): null

2019-03-18 15:55:51 - [TEST_STEP][PASSED] - Thread.sleep(1500): null

2019-03-18 15:55:52 - [TEST_STEP][PASSED] - selenium.click("id=plhcontent_0_lbtnSubmit"): null

2019-03-18 15:55:58 - [TEST_STEP][PASSED] - Thread.sleep(500): null

2019-03-18 15:55:58 - [TEST_STEP][PASSED] - locationNow = location: null

2019-03-18 15:55:58 - [TEST_STEP][PASSED] - if (CurrentURL == locationNow): null

2019-03-18 15:55:58 - [TEST_STEP][PASSED] - out.println("Test Case is Passed"): null]]></system-out>
         <system-err><![CDATA[]]></system-err>
      </testcase>
      <testcase name="Test Cases/DTCM/Forget Password/Forget Login Info" classname="Test Cases/DTCM/Forget Password/Forget Login Info" status="PASSED">
         <system-out><![CDATA[2019-03-18 15:55:58 - [TEST_CASE][PASSED] - Test Cases/DTCM/Forget Password/Forget Login Info: Test Cases/DTCM/Forget Password/Forget Login Info

2019-03-18 15:55:59 - [TEST_STEP][PASSED] - openBrowser("https://www.google.com/"): Browser is opened with url: 'https://www.google.com/'

2019-03-18 15:55:59 - [MESSAGE][WARNING] - A browser is already opened. Closing browser and opening a new one

2019-03-18 15:55:59 - [MESSAGE][INFO] - Starting 'Chrome (headless)' driver

2019-03-18 15:56:08 - [MESSAGE][PASSED] - Browser is opened with url: 'https://www.google.com/'

2019-03-18 15:56:08 - [TEST_STEP][PASSED] - driver = getWebDriver(): null

2019-03-18 15:56:08 - [TEST_STEP][PASSED] - base = driver.getWindowHandle(): null

2019-03-18 15:56:08 - [TEST_STEP][PASSED] - StartPoint = "https://www.google.com/": null

2019-03-18 15:56:08 - [TEST_STEP][PASSED] - email = "muhammad.saad@ovrlod.com": null

2019-03-18 15:56:08 - [TEST_STEP][PASSED] - selenium = new com.thoughtworks.selenium.webdriven.WebDriverBackedSelenium(driver, StartPoint): null

2019-03-18 15:56:08 - [TEST_STEP][PASSED] - selenium.open("https://qacd2.testvisitdubai.com/en/account/login?v=78798789"): null

2019-03-18 15:56:20 - [TEST_STEP][PASSED] - Thread.sleep(5000): null

2019-03-18 15:56:25 - [TEST_STEP][PASSED] - selenium.click("link=exact:Forgot login info?"): null

2019-03-18 15:56:29 - [TEST_STEP][PASSED] - selenium.click("id=txtResetPasswordEmail"): null

2019-03-18 15:56:30 - [TEST_STEP][PASSED] - selenium.type("id=txtResetPasswordEmail", email): null

2019-03-18 15:56:30 - [TEST_STEP][PASSED] - selenium.click("id=resetpassworddiv"): null

2019-03-18 15:56:31 - [TEST_STEP][PASSED] - selenium.click("id=plhcontent_0_btnSendAccountReset"): null

2019-03-18 15:56:32 - [TEST_STEP][PASSED] - Thread.sleep(20000): null

2019-03-18 15:56:52 - [TEST_STEP][PASSED] - js = driver: null

2019-03-18 15:56:52 - [TEST_STEP][PASSED] - Thread.sleep(500): null

2019-03-18 15:56:53 - [TEST_STEP][PASSED] - CreateAccountUrl = "https://qacd2.testvisitdubai.com/en/account/create-account?UT=" + email: null

2019-03-18 15:56:53 - [TEST_STEP][PASSED] - command = "window.open('" + CreateAccountUrl + "');": null

2019-03-18 15:56:53 - [TEST_STEP][PASSED] - out.println(command): null

2019-03-18 15:56:53 - [TEST_STEP][PASSED] - js.executeScript(command): null

2019-03-18 15:56:53 - [TEST_STEP][PASSED] - Thread.sleep(3000): null

2019-03-18 15:56:56 - [TEST_STEP][PASSED] - tabs = new java.util.ArrayList(driver.getWindowHandles()): null

2019-03-18 15:56:56 - [TEST_STEP][PASSED] - out.println(tabs.size()): null

2019-03-18 15:56:56 - [TEST_STEP][PASSED] - switchTo().window(tabs.get(1)): null

2019-03-18 15:56:56 - [TEST_STEP][PASSED] - Thread.sleep(5000): null

2019-03-18 15:57:01 - [TEST_STEP][PASSED] - ParentElement = driver.findElement(By.id("divHomeWrap")): null

2019-03-18 15:57:02 - [TEST_STEP][PASSED] - htmlstring = ParentElement.getText(): null

2019-03-18 15:57:02 - [TEST_STEP][PASSED] - out.println(htmlstring): null

2019-03-18 15:57:02 - [TEST_STEP][PASSED] - ChildList = ParentElement.findElements(By.tagName("h2")): null

2019-03-18 15:57:02 - [TEST_STEP][PASSED] - otp = ChildList.get(0): null

2019-03-18 15:57:02 - [TEST_STEP][PASSED] - value = otp.getText(): null

2019-03-18 15:57:02 - [TEST_STEP][PASSED] - out.println(value): null

2019-03-18 15:57:02 - [TEST_STEP][PASSED] - Thread.sleep(2500): null

2019-03-18 15:57:04 - [TEST_STEP][PASSED] - switchTo().window(base): null

2019-03-18 15:57:04 - [TEST_STEP][PASSED] - selenium.click("id=txtToken"): null

2019-03-18 15:57:05 - [TEST_STEP][PASSED] - selenium.type("id=txtToken", value): null

2019-03-18 15:57:05 - [TEST_STEP][PASSED] - selenium.click("id=plhcontent_0_btnVerifyToken"): null

2019-03-18 15:57:06 - [TEST_STEP][PASSED] - Thread.sleep(2500): null

2019-03-18 15:57:09 - [TEST_STEP][PASSED] - selenium.click("id=password"): null

2019-03-18 15:57:10 - [TEST_STEP][PASSED] - Thread.sleep(500): null

2019-03-18 15:57:10 - [TEST_STEP][PASSED] - selenium.type("id=password", "Qwerty#1"): null

2019-03-18 15:57:11 - [TEST_STEP][PASSED] - selenium.click("id=confirmPassword"): null

2019-03-18 15:57:11 - [TEST_STEP][PASSED] - Thread.sleep(500): null

2019-03-18 15:57:12 - [TEST_STEP][PASSED] - selenium.type("id=confirmPassword", "Qwerty#1"): null

2019-03-18 15:57:12 - [TEST_STEP][PASSED] - selenium.click("id=plhcontent_0_lbtnSubmit"): null

2019-03-18 15:57:14 - [TEST_STEP][PASSED] - Thread.sleep(2500): null]]></system-out>
         <system-err><![CDATA[]]></system-err>
      </testcase>
      <testcase name="Test Cases/DTCM/Login and logout/DTCM Invalid Login Scenario" classname="Test Cases/DTCM/Login and logout/DTCM Invalid Login Scenario" status="ERROR">
         <error type="ERROR" message="Test Cases/DTCM/Login and logout/DTCM Invalid Login Scenario FAILED.
Reason:
com.thoughtworks.selenium.SeleniumException: Timed out waiting for action to finish
	at com.thoughtworks.selenium.webdriven.Timer.run(Timer.java:46)
	at com.thoughtworks.selenium.webdriven.WebDriverCommandProcessor.execute(WebDriverCommandProcessor.java:150)
	at com.thoughtworks.selenium.webdriven.WebDriverCommandProcessor.doCommand(WebDriverCommandProcessor.java:76)
	at com.thoughtworks.selenium.DefaultSelenium.open(DefaultSelenium.java:374)
	at com.thoughtworks.selenium.Selenium$open.call(Unknown Source)
	at DTCM Invalid Login Scenario.run(DTCM Invalid Login Scenario:40)
	at com.kms.katalon.core.main.ScriptEngine.run(ScriptEngine.java:194)
	at com.kms.katalon.core.main.ScriptEngine.runScriptAsRawText(ScriptEngine.java:119)
	at com.kms.katalon.core.main.TestCaseExecutor.runScript(TestCaseExecutor.java:331)
	at com.kms.katalon.core.main.TestCaseExecutor.doExecute(TestCaseExecutor.java:322)
	at com.kms.katalon.core.main.TestCaseExecutor.processExecutionPhase(TestCaseExecutor.java:301)
	at com.kms.katalon.core.main.TestCaseExecutor.accessMainPhase(TestCaseExecutor.java:293)
	at com.kms.katalon.core.main.TestCaseExecutor.execute(TestCaseExecutor.java:227)
	at com.kms.katalon.core.main.TestSuiteExecutor.accessTestCaseMainPhase(TestSuiteExecutor.java:129)
	at com.kms.katalon.core.main.TestSuiteExecutor.accessTestSuiteMainPhase(TestSuiteExecutor.java:112)
	at com.kms.katalon.core.main.TestSuiteExecutor.execute(TestSuiteExecutor.java:81)
	at com.kms.katalon.core.main.TestCaseMain.startTestSuite(TestCaseMain.java:157)
	at com.kms.katalon.core.main.TestCaseMain$startTestSuite$0.call(Unknown Source)
	at TempTestSuite1552906520080.run(TempTestSuite1552906520080.groovy:35)
"/>
         <system-out><![CDATA[2019-03-18 15:57:17 - [TEST_CASE][ERROR] - Test Cases/DTCM/Login and logout/DTCM Invalid Login Scenario: Test Cases/DTCM/Login and logout/DTCM Invalid Login Scenario FAILED.
Reason:
com.thoughtworks.selenium.SeleniumException: Timed out waiting for action to finish
	at com.thoughtworks.selenium.webdriven.Timer.run(Timer.java:46)
	at com.thoughtworks.selenium.webdriven.WebDriverCommandProcessor.execute(WebDriverCommandProcessor.java:150)
	at com.thoughtworks.selenium.webdriven.WebDriverCommandProcessor.doCommand(WebDriverCommandProcessor.java:76)
	at com.thoughtworks.selenium.DefaultSelenium.open(DefaultSelenium.java:374)
	at com.thoughtworks.selenium.Selenium$open.call(Unknown Source)
	at DTCM Invalid Login Scenario.run(DTCM Invalid Login Scenario:40)
	at com.kms.katalon.core.main.ScriptEngine.run(ScriptEngine.java:194)
	at com.kms.katalon.core.main.ScriptEngine.runScriptAsRawText(ScriptEngine.java:119)
	at com.kms.katalon.core.main.TestCaseExecutor.runScript(TestCaseExecutor.java:331)
	at com.kms.katalon.core.main.TestCaseExecutor.doExecute(TestCaseExecutor.java:322)
	at com.kms.katalon.core.main.TestCaseExecutor.processExecutionPhase(TestCaseExecutor.java:301)
	at com.kms.katalon.core.main.TestCaseExecutor.accessMainPhase(TestCaseExecutor.java:293)
	at com.kms.katalon.core.main.TestCaseExecutor.execute(TestCaseExecutor.java:227)
	at com.kms.katalon.core.main.TestSuiteExecutor.accessTestCaseMainPhase(TestSuiteExecutor.java:129)
	at com.kms.katalon.core.main.TestSuiteExecutor.accessTestSuiteMainPhase(TestSuiteExecutor.java:112)
	at com.kms.katalon.core.main.TestSuiteExecutor.execute(TestSuiteExecutor.java:81)
	at com.kms.katalon.core.main.TestCaseMain.startTestSuite(TestCaseMain.java:157)
	at com.kms.katalon.core.main.TestCaseMain$startTestSuite$0.call(Unknown Source)
	at TempTestSuite1552906520080.run(TempTestSuite1552906520080.groovy:35)


2019-03-18 15:57:17 - [TEST_STEP][PASSED] - openBrowser("https://www.google.com/"): Browser is opened with url: 'https://www.google.com/'

2019-03-18 15:57:17 - [MESSAGE][WARNING] - A browser is already opened. Closing browser and opening a new one

2019-03-18 15:57:17 - [MESSAGE][INFO] - Starting 'Chrome (headless)' driver

2019-03-18 15:57:24 - [MESSAGE][PASSED] - Browser is opened with url: 'https://www.google.com/'

2019-03-18 15:57:24 - [TEST_STEP][PASSED] - driver = getWebDriver(): null

2019-03-18 15:57:24 - [TEST_STEP][PASSED] - baseUrl = "https://www.google.com/": null

2019-03-18 15:57:24 - [TEST_STEP][PASSED] - selenium = new com.thoughtworks.selenium.webdriven.WebDriverBackedSelenium(driver, baseUrl): null

2019-03-18 15:57:24 - [TEST_STEP][PASSED] - window().maximize(): null

2019-03-18 15:57:25 - [TEST_STEP][PASSED] - CurrentURL = "https://qacd2.testvisitdubai.com/en/account/login?v=78798789": null

2019-03-18 15:57:25 - [TEST_STEP][PASSED] - username = "muhammad.saad@ovrlod.com": null

2019-03-18 15:57:25 - [TEST_STEP][PASSED] - password = "Qwerty##1244": null

2019-03-18 15:57:25 - [TEST_STEP][ERROR] - selenium.open(CurrentURL): selenium.open(CurrentURL) FAILED.
Reason:
com.thoughtworks.selenium.SeleniumException: Timed out waiting for action to finish
	at com.thoughtworks.selenium.webdriven.Timer.run(Timer.java:46)
	at com.thoughtworks.selenium.webdriven.WebDriverCommandProcessor.execute(WebDriverCommandProcessor.java:150)
	at com.thoughtworks.selenium.webdriven.WebDriverCommandProcessor.doCommand(WebDriverCommandProcessor.java:76)
	at com.thoughtworks.selenium.DefaultSelenium.open(DefaultSelenium.java:374)
	at com.thoughtworks.selenium.Selenium$open.call(Unknown Source)
	at DTCM Invalid Login Scenario.run(DTCM Invalid Login Scenario:40)
	at com.kms.katalon.core.main.ScriptEngine.run(ScriptEngine.java:194)
	at com.kms.katalon.core.main.ScriptEngine.runScriptAsRawText(ScriptEngine.java:119)
	at com.kms.katalon.core.main.TestCaseExecutor.runScript(TestCaseExecutor.java:331)
	at com.kms.katalon.core.main.TestCaseExecutor.doExecute(TestCaseExecutor.java:322)
	at com.kms.katalon.core.main.TestCaseExecutor.processExecutionPhase(TestCaseExecutor.java:301)
	at com.kms.katalon.core.main.TestCaseExecutor.accessMainPhase(TestCaseExecutor.java:293)
	at com.kms.katalon.core.main.TestCaseExecutor.execute(TestCaseExecutor.java:227)
	at com.kms.katalon.core.main.TestSuiteExecutor.accessTestCaseMainPhase(TestSuiteExecutor.java:129)
	at com.kms.katalon.core.main.TestSuiteExecutor.accessTestSuiteMainPhase(TestSuiteExecutor.java:112)
	at com.kms.katalon.core.main.TestSuiteExecutor.execute(TestSuiteExecutor.java:81)
	at com.kms.katalon.core.main.TestCaseMain.startTestSuite(TestCaseMain.java:157)
	at com.kms.katalon.core.main.TestCaseMain$startTestSuite$0.call(Unknown Source)
	at TempTestSuite1552906520080.run(TempTestSuite1552906520080.groovy:35)


2019-03-18 15:58:09 - [MESSAGE][ERROR] - selenium.open(CurrentURL) FAILED.
Reason:
com.thoughtworks.selenium.SeleniumException: Timed out waiting for action to finish
	at com.thoughtworks.selenium.webdriven.Timer.run(Timer.java:46)
	at com.thoughtworks.selenium.webdriven.WebDriverCommandProcessor.execute(WebDriverCommandProcessor.java:150)
	at com.thoughtworks.selenium.webdriven.WebDriverCommandProcessor.doCommand(WebDriverCommandProcessor.java:76)
	at com.thoughtworks.selenium.DefaultSelenium.open(DefaultSelenium.java:374)
	at com.thoughtworks.selenium.Selenium$open.call(Unknown Source)
	at DTCM Invalid Login Scenario.run(DTCM Invalid Login Scenario:40)
	at com.kms.katalon.core.main.ScriptEngine.run(ScriptEngine.java:194)
	at com.kms.katalon.core.main.ScriptEngine.runScriptAsRawText(ScriptEngine.java:119)
	at com.kms.katalon.core.main.TestCaseExecutor.runScript(TestCaseExecutor.java:331)
	at com.kms.katalon.core.main.TestCaseExecutor.doExecute(TestCaseExecutor.java:322)
	at com.kms.katalon.core.main.TestCaseExecutor.processExecutionPhase(TestCaseExecutor.java:301)
	at com.kms.katalon.core.main.TestCaseExecutor.accessMainPhase(TestCaseExecutor.java:293)
	at com.kms.katalon.core.main.TestCaseExecutor.execute(TestCaseExecutor.java:227)
	at com.kms.katalon.core.main.TestSuiteExecutor.accessTestCaseMainPhase(TestSuiteExecutor.java:129)
	at com.kms.katalon.core.main.TestSuiteExecutor.accessTestSuiteMainPhase(TestSuiteExecutor.java:112)
	at com.kms.katalon.core.main.TestSuiteExecutor.execute(TestSuiteExecutor.java:81)
	at com.kms.katalon.core.main.TestCaseMain.startTestSuite(TestCaseMain.java:157)
	at com.kms.katalon.core.main.TestCaseMain$startTestSuite$0.call(Unknown Source)
	at TempTestSuite1552906520080.run(TempTestSuite1552906520080.groovy:35)]]></system-out>
         <system-err><![CDATA[2019-03-18 15:57:17 - [TEST_CASE][ERROR] - Test Cases/DTCM/Login and logout/DTCM Invalid Login Scenario: Test Cases/DTCM/Login and logout/DTCM Invalid Login Scenario FAILED.
Reason:
com.thoughtworks.selenium.SeleniumException: Timed out waiting for action to finish
	at com.thoughtworks.selenium.webdriven.Timer.run(Timer.java:46)
	at com.thoughtworks.selenium.webdriven.WebDriverCommandProcessor.execute(WebDriverCommandProcessor.java:150)
	at com.thoughtworks.selenium.webdriven.WebDriverCommandProcessor.doCommand(WebDriverCommandProcessor.java:76)
	at com.thoughtworks.selenium.DefaultSelenium.open(DefaultSelenium.java:374)
	at com.thoughtworks.selenium.Selenium$open.call(Unknown Source)
	at DTCM Invalid Login Scenario.run(DTCM Invalid Login Scenario:40)
	at com.kms.katalon.core.main.ScriptEngine.run(ScriptEngine.java:194)
	at com.kms.katalon.core.main.ScriptEngine.runScriptAsRawText(ScriptEngine.java:119)
	at com.kms.katalon.core.main.TestCaseExecutor.runScript(TestCaseExecutor.java:331)
	at com.kms.katalon.core.main.TestCaseExecutor.doExecute(TestCaseExecutor.java:322)
	at com.kms.katalon.core.main.TestCaseExecutor.processExecutionPhase(TestCaseExecutor.java:301)
	at com.kms.katalon.core.main.TestCaseExecutor.accessMainPhase(TestCaseExecutor.java:293)
	at com.kms.katalon.core.main.TestCaseExecutor.execute(TestCaseExecutor.java:227)
	at com.kms.katalon.core.main.TestSuiteExecutor.accessTestCaseMainPhase(TestSuiteExecutor.java:129)
	at com.kms.katalon.core.main.TestSuiteExecutor.accessTestSuiteMainPhase(TestSuiteExecutor.java:112)
	at com.kms.katalon.core.main.TestSuiteExecutor.execute(TestSuiteExecutor.java:81)
	at com.kms.katalon.core.main.TestCaseMain.startTestSuite(TestCaseMain.java:157)
	at com.kms.katalon.core.main.TestCaseMain$startTestSuite$0.call(Unknown Source)
	at TempTestSuite1552906520080.run(TempTestSuite1552906520080.groovy:35)]]></system-err>
      </testcase>
      <testcase name="Test Cases/DTCM/Login and logout/LoginFormValidation" classname="Test Cases/DTCM/Login and logout/LoginFormValidation" status="PASSED">
         <system-out><![CDATA[2019-03-18 15:58:09 - [TEST_CASE][PASSED] - Test Cases/DTCM/Login and logout/LoginFormValidation: Test Cases/DTCM/Login and logout/LoginFormValidation

2019-03-18 15:58:09 - [TEST_STEP][PASSED] - openBrowser("https://qacd2.testvisitdubai.com/en/account/login?v=78798789"): Browser is opened with url: 'https://qacd2.testvisitdubai.com/en/account/login?v=78798789'

2019-03-18 15:58:09 - [MESSAGE][WARNING] - A browser is already opened. Closing browser and opening a new one

2019-03-18 15:58:09 - [MESSAGE][INFO] - Starting 'Chrome (headless)' driver

2019-03-18 15:58:38 - [MESSAGE][PASSED] - Browser is opened with url: 'https://qacd2.testvisitdubai.com/en/account/login?v=78798789'

2019-03-18 15:58:38 - [TEST_STEP][PASSED] - driver = getWebDriver(): null

2019-03-18 15:58:38 - [TEST_STEP][PASSED] - baseUrl = "https://qacd2.testvisitdubai.com/en/account/login?v=78798789": null

2019-03-18 15:58:38 - [TEST_STEP][PASSED] - selenium = new com.thoughtworks.selenium.webdriven.WebDriverBackedSelenium(driver, baseUrl): null

2019-03-18 15:58:38 - [TEST_STEP][PASSED] - window().maximize(): null

2019-03-18 15:58:39 - [TEST_STEP][PASSED] - Thread.sleep(2500): null

2019-03-18 15:58:42 - [TEST_STEP][PASSED] - selenium.type("id=tbUsername", "muhammad.saad@ovrlod.com"): null

2019-03-18 15:58:42 - [TEST_STEP][PASSED] - Thread.sleep(2000): null

2019-03-18 15:58:44 - [TEST_STEP][PASSED] - selenium.click("id=plhcontent_0_lbtnSubmit"): null

2019-03-18 15:58:44 - [TEST_STEP][PASSED] - emailFieldErrorDisplay = id("plhcontent_0_rfvEmail")).getCssValue("display"): null

2019-03-18 15:58:44 - [TEST_STEP][PASSED] - passFieldErrorDisplay = id("plhcontent_0_rfvPassword")).getCssValue("display"): null

2019-03-18 15:58:44 - [TEST_STEP][PASSED] - if (passFieldErrorDisplay != "none"): null

2019-03-18 15:58:44 - [TEST_STEP][PASSED] - out.println("Test Case is Passed"): null]]></system-out>
         <system-err><![CDATA[]]></system-err>
      </testcase>
      <testcase name="Test Cases/DTCM/SignUp/Create Account" classname="Test Cases/DTCM/SignUp/Create Account" status="ERROR">
         <error type="ERROR" message="Test Cases/DTCM/SignUp/Create Account FAILED.
Reason:
com.thoughtworks.selenium.SeleniumException: Element link=Country/Region not found
	at com.thoughtworks.selenium.webdriven.ElementFinder.findElement(ElementFinder.java:77)
	at com.thoughtworks.selenium.webdriven.commands.Click.handleSeleneseCommand(Click.java:39)
	at com.thoughtworks.selenium.webdriven.commands.Click.handleSeleneseCommand(Click.java:26)
	at com.thoughtworks.selenium.webdriven.SeleneseCommand.apply(SeleneseCommand.java:36)
	at com.thoughtworks.selenium.webdriven.Timer.run(Timer.java:41)
	at com.thoughtworks.selenium.webdriven.WebDriverCommandProcessor.execute(WebDriverCommandProcessor.java:150)
	at com.thoughtworks.selenium.webdriven.WebDriverCommandProcessor.doCommand(WebDriverCommandProcessor.java:76)
	at com.thoughtworks.selenium.DefaultSelenium.click(DefaultSelenium.java:198)
	at com.thoughtworks.selenium.Selenium$click$0.call(Unknown Source)
	at Create Account.run(Create Account:58)
	at com.kms.katalon.core.main.ScriptEngine.run(ScriptEngine.java:194)
	at com.kms.katalon.core.main.ScriptEngine.runScriptAsRawText(ScriptEngine.java:119)
	at com.kms.katalon.core.main.TestCaseExecutor.runScript(TestCaseExecutor.java:331)
	at com.kms.katalon.core.main.TestCaseExecutor.doExecute(TestCaseExecutor.java:322)
	at com.kms.katalon.core.main.TestCaseExecutor.processExecutionPhase(TestCaseExecutor.java:301)
	at com.kms.katalon.core.main.TestCaseExecutor.accessMainPhase(TestCaseExecutor.java:293)
	at com.kms.katalon.core.main.TestCaseExecutor.execute(TestCaseExecutor.java:227)
	at com.kms.katalon.core.main.TestSuiteExecutor.accessTestCaseMainPhase(TestSuiteExecutor.java:129)
	at com.kms.katalon.core.main.TestSuiteExecutor.accessTestSuiteMainPhase(TestSuiteExecutor.java:112)
	at com.kms.katalon.core.main.TestSuiteExecutor.execute(TestSuiteExecutor.java:81)
	at com.kms.katalon.core.main.TestCaseMain.startTestSuite(TestCaseMain.java:157)
	at com.kms.katalon.core.main.TestCaseMain$startTestSuite$0.call(Unknown Source)
	at TempTestSuite1552906520080.run(TempTestSuite1552906520080.groovy:35)
"/>
         <system-out><![CDATA[2019-03-18 15:58:44 - [TEST_CASE][ERROR] - Test Cases/DTCM/SignUp/Create Account: Test Cases/DTCM/SignUp/Create Account FAILED.
Reason:
com.thoughtworks.selenium.SeleniumException: Element link=Country/Region not found
	at com.thoughtworks.selenium.webdriven.ElementFinder.findElement(ElementFinder.java:77)
	at com.thoughtworks.selenium.webdriven.commands.Click.handleSeleneseCommand(Click.java:39)
	at com.thoughtworks.selenium.webdriven.commands.Click.handleSeleneseCommand(Click.java:26)
	at com.thoughtworks.selenium.webdriven.SeleneseCommand.apply(SeleneseCommand.java:36)
	at com.thoughtworks.selenium.webdriven.Timer.run(Timer.java:41)
	at com.thoughtworks.selenium.webdriven.WebDriverCommandProcessor.execute(WebDriverCommandProcessor.java:150)
	at com.thoughtworks.selenium.webdriven.WebDriverCommandProcessor.doCommand(WebDriverCommandProcessor.java:76)
	at com.thoughtworks.selenium.DefaultSelenium.click(DefaultSelenium.java:198)
	at com.thoughtworks.selenium.Selenium$click$0.call(Unknown Source)
	at Create Account.run(Create Account:58)
	at com.kms.katalon.core.main.ScriptEngine.run(ScriptEngine.java:194)
	at com.kms.katalon.core.main.ScriptEngine.runScriptAsRawText(ScriptEngine.java:119)
	at com.kms.katalon.core.main.TestCaseExecutor.runScript(TestCaseExecutor.java:331)
	at com.kms.katalon.core.main.TestCaseExecutor.doExecute(TestCaseExecutor.java:322)
	at com.kms.katalon.core.main.TestCaseExecutor.processExecutionPhase(TestCaseExecutor.java:301)
	at com.kms.katalon.core.main.TestCaseExecutor.accessMainPhase(TestCaseExecutor.java:293)
	at com.kms.katalon.core.main.TestCaseExecutor.execute(TestCaseExecutor.java:227)
	at com.kms.katalon.core.main.TestSuiteExecutor.accessTestCaseMainPhase(TestSuiteExecutor.java:129)
	at com.kms.katalon.core.main.TestSuiteExecutor.accessTestSuiteMainPhase(TestSuiteExecutor.java:112)
	at com.kms.katalon.core.main.TestSuiteExecutor.execute(TestSuiteExecutor.java:81)
	at com.kms.katalon.core.main.TestCaseMain.startTestSuite(TestCaseMain.java:157)
	at com.kms.katalon.core.main.TestCaseMain$startTestSuite$0.call(Unknown Source)
	at TempTestSuite1552906520080.run(TempTestSuite1552906520080.groovy:35)


2019-03-18 15:58:44 - [TEST_STEP][PASSED] - openBrowser("https://www.google.com/"): Browser is opened with url: 'https://www.google.com/'

2019-03-18 15:58:44 - [MESSAGE][WARNING] - A browser is already opened. Closing browser and opening a new one

2019-03-18 15:58:45 - [MESSAGE][INFO] - Starting 'Chrome (headless)' driver

2019-03-18 15:58:49 - [MESSAGE][PASSED] - Browser is opened with url: 'https://www.google.com/'

2019-03-18 15:58:49 - [TEST_STEP][PASSED] - driver = getWebDriver(): null

2019-03-18 15:58:49 - [TEST_STEP][PASSED] - baseUrl = "https://www.katalon.com/": null

2019-03-18 15:58:49 - [TEST_STEP][PASSED] - email = "rabeet.siddiqui@ovrlod.com": null

2019-03-18 15:58:49 - [TEST_STEP][PASSED] - password = "Qwerty#1": null

2019-03-18 15:58:49 - [TEST_STEP][PASSED] - name = "Rabeet": null

2019-03-18 15:58:49 - [TEST_STEP][PASSED] - lastname = "Siddiqui": null

2019-03-18 15:58:49 - [TEST_STEP][PASSED] - selenium = new com.thoughtworks.selenium.webdriven.WebDriverBackedSelenium(driver, baseUrl): null

2019-03-18 15:58:49 - [TEST_STEP][PASSED] - window().maximize(): null

2019-03-18 15:58:50 - [TEST_STEP][PASSED] - selenium.open("https://qacd2.testvisitdubai.com/en/account/create-account"): null

2019-03-18 15:58:55 - [TEST_STEP][PASSED] - selenium.click("id=firstName"): null

2019-03-18 15:58:55 - [TEST_STEP][PASSED] - Thread.sleep(500): null

2019-03-18 15:58:56 - [TEST_STEP][PASSED] - selenium.type("id=firstName", name): null

2019-03-18 15:58:56 - [TEST_STEP][PASSED] - Thread.sleep(500): null

2019-03-18 15:58:56 - [TEST_STEP][PASSED] - selenium.type("id=lastName", lastname): null

2019-03-18 15:58:56 - [TEST_STEP][PASSED] - Thread.sleep(500): null

2019-03-18 15:58:57 - [TEST_STEP][PASSED] - selenium.type("id=password", password): null

2019-03-18 15:58:57 - [TEST_STEP][PASSED] - Thread.sleep(500): null

2019-03-18 15:58:58 - [TEST_STEP][PASSED] - selenium.type("id=confirmPassword", password): null

2019-03-18 15:58:58 - [TEST_STEP][PASSED] - Thread.sleep(500): null

2019-03-18 15:58:58 - [TEST_STEP][PASSED] - selenium.type("id=email", email): null

2019-03-18 15:58:58 - [TEST_STEP][PASSED] - Thread.sleep(500): null

2019-03-18 15:58:59 - [TEST_STEP][ERROR] - selenium.click("link=Country/Region"): selenium.click("link=Country/Region") FAILED.
Reason:
com.thoughtworks.selenium.SeleniumException: Element link=Country/Region not found
	at com.thoughtworks.selenium.webdriven.ElementFinder.findElement(ElementFinder.java:77)
	at com.thoughtworks.selenium.webdriven.commands.Click.handleSeleneseCommand(Click.java:39)
	at com.thoughtworks.selenium.webdriven.commands.Click.handleSeleneseCommand(Click.java:26)
	at com.thoughtworks.selenium.webdriven.SeleneseCommand.apply(SeleneseCommand.java:36)
	at com.thoughtworks.selenium.webdriven.Timer.run(Timer.java:41)
	at com.thoughtworks.selenium.webdriven.WebDriverCommandProcessor.execute(WebDriverCommandProcessor.java:150)
	at com.thoughtworks.selenium.webdriven.WebDriverCommandProcessor.doCommand(WebDriverCommandProcessor.java:76)
	at com.thoughtworks.selenium.DefaultSelenium.click(DefaultSelenium.java:198)
	at com.thoughtworks.selenium.Selenium$click$0.call(Unknown Source)
	at Create Account.run(Create Account:58)
	at com.kms.katalon.core.main.ScriptEngine.run(ScriptEngine.java:194)
	at com.kms.katalon.core.main.ScriptEngine.runScriptAsRawText(ScriptEngine.java:119)
	at com.kms.katalon.core.main.TestCaseExecutor.runScript(TestCaseExecutor.java:331)
	at com.kms.katalon.core.main.TestCaseExecutor.doExecute(TestCaseExecutor.java:322)
	at com.kms.katalon.core.main.TestCaseExecutor.processExecutionPhase(TestCaseExecutor.java:301)
	at com.kms.katalon.core.main.TestCaseExecutor.accessMainPhase(TestCaseExecutor.java:293)
	at com.kms.katalon.core.main.TestCaseExecutor.execute(TestCaseExecutor.java:227)
	at com.kms.katalon.core.main.TestSuiteExecutor.accessTestCaseMainPhase(TestSuiteExecutor.java:129)
	at com.kms.katalon.core.main.TestSuiteExecutor.accessTestSuiteMainPhase(TestSuiteExecutor.java:112)
	at com.kms.katalon.core.main.TestSuiteExecutor.execute(TestSuiteExecutor.java:81)
	at com.kms.katalon.core.main.TestCaseMain.startTestSuite(TestCaseMain.java:157)
	at com.kms.katalon.core.main.TestCaseMain$startTestSuite$0.call(Unknown Source)
	at TempTestSuite1552906520080.run(TempTestSuite1552906520080.groovy:35)


2019-03-18 15:58:59 - [MESSAGE][ERROR] - selenium.click("link=Country/Region") FAILED.
Reason:
com.thoughtworks.selenium.SeleniumException: Element link=Country/Region not found
	at com.thoughtworks.selenium.webdriven.ElementFinder.findElement(ElementFinder.java:77)
	at com.thoughtworks.selenium.webdriven.commands.Click.handleSeleneseCommand(Click.java:39)
	at com.thoughtworks.selenium.webdriven.commands.Click.handleSeleneseCommand(Click.java:26)
	at com.thoughtworks.selenium.webdriven.SeleneseCommand.apply(SeleneseCommand.java:36)
	at com.thoughtworks.selenium.webdriven.Timer.run(Timer.java:41)
	at com.thoughtworks.selenium.webdriven.WebDriverCommandProcessor.execute(WebDriverCommandProcessor.java:150)
	at com.thoughtworks.selenium.webdriven.WebDriverCommandProcessor.doCommand(WebDriverCommandProcessor.java:76)
	at com.thoughtworks.selenium.DefaultSelenium.click(DefaultSelenium.java:198)
	at com.thoughtworks.selenium.Selenium$click$0.call(Unknown Source)
	at Create Account.run(Create Account:58)
	at com.kms.katalon.core.main.ScriptEngine.run(ScriptEngine.java:194)
	at com.kms.katalon.core.main.ScriptEngine.runScriptAsRawText(ScriptEngine.java:119)
	at com.kms.katalon.core.main.TestCaseExecutor.runScript(TestCaseExecutor.java:331)
	at com.kms.katalon.core.main.TestCaseExecutor.doExecute(TestCaseExecutor.java:322)
	at com.kms.katalon.core.main.TestCaseExecutor.processExecutionPhase(TestCaseExecutor.java:301)
	at com.kms.katalon.core.main.TestCaseExecutor.accessMainPhase(TestCaseExecutor.java:293)
	at com.kms.katalon.core.main.TestCaseExecutor.execute(TestCaseExecutor.java:227)
	at com.kms.katalon.core.main.TestSuiteExecutor.accessTestCaseMainPhase(TestSuiteExecutor.java:129)
	at com.kms.katalon.core.main.TestSuiteExecutor.accessTestSuiteMainPhase(TestSuiteExecutor.java:112)
	at com.kms.katalon.core.main.TestSuiteExecutor.execute(TestSuiteExecutor.java:81)
	at com.kms.katalon.core.main.TestCaseMain.startTestSuite(TestCaseMain.java:157)
	at com.kms.katalon.core.main.TestCaseMain$startTestSuite$0.call(Unknown Source)
	at TempTestSuite1552906520080.run(TempTestSuite1552906520080.groovy:35)]]></system-out>
         <system-err><![CDATA[2019-03-18 15:58:44 - [TEST_CASE][ERROR] - Test Cases/DTCM/SignUp/Create Account: Test Cases/DTCM/SignUp/Create Account FAILED.
Reason:
com.thoughtworks.selenium.SeleniumException: Element link=Country/Region not found
	at com.thoughtworks.selenium.webdriven.ElementFinder.findElement(ElementFinder.java:77)
	at com.thoughtworks.selenium.webdriven.commands.Click.handleSeleneseCommand(Click.java:39)
	at com.thoughtworks.selenium.webdriven.commands.Click.handleSeleneseCommand(Click.java:26)
	at com.thoughtworks.selenium.webdriven.SeleneseCommand.apply(SeleneseCommand.java:36)
	at com.thoughtworks.selenium.webdriven.Timer.run(Timer.java:41)
	at com.thoughtworks.selenium.webdriven.WebDriverCommandProcessor.execute(WebDriverCommandProcessor.java:150)
	at com.thoughtworks.selenium.webdriven.WebDriverCommandProcessor.doCommand(WebDriverCommandProcessor.java:76)
	at com.thoughtworks.selenium.DefaultSelenium.click(DefaultSelenium.java:198)
	at com.thoughtworks.selenium.Selenium$click$0.call(Unknown Source)
	at Create Account.run(Create Account:58)
	at com.kms.katalon.core.main.ScriptEngine.run(ScriptEngine.java:194)
	at com.kms.katalon.core.main.ScriptEngine.runScriptAsRawText(ScriptEngine.java:119)
	at com.kms.katalon.core.main.TestCaseExecutor.runScript(TestCaseExecutor.java:331)
	at com.kms.katalon.core.main.TestCaseExecutor.doExecute(TestCaseExecutor.java:322)
	at com.kms.katalon.core.main.TestCaseExecutor.processExecutionPhase(TestCaseExecutor.java:301)
	at com.kms.katalon.core.main.TestCaseExecutor.accessMainPhase(TestCaseExecutor.java:293)
	at com.kms.katalon.core.main.TestCaseExecutor.execute(TestCaseExecutor.java:227)
	at com.kms.katalon.core.main.TestSuiteExecutor.accessTestCaseMainPhase(TestSuiteExecutor.java:129)
	at com.kms.katalon.core.main.TestSuiteExecutor.accessTestSuiteMainPhase(TestSuiteExecutor.java:112)
	at com.kms.katalon.core.main.TestSuiteExecutor.execute(TestSuiteExecutor.java:81)
	at com.kms.katalon.core.main.TestCaseMain.startTestSuite(TestCaseMain.java:157)
	at com.kms.katalon.core.main.TestCaseMain$startTestSuite$0.call(Unknown Source)
	at TempTestSuite1552906520080.run(TempTestSuite1552906520080.groovy:35)]]></system-err>
      </testcase>
      <system-out><![CDATA[2019-03-18 15:55:21 - [TEST_SUITE][ERROR] - DTCM QA Automation: Test Cases/DTCM/Login and logout/DTCM Invalid Login Scenario FAILED.
Reason:
com.thoughtworks.selenium.SeleniumException: Timed out waiting for action to finish
	at com.thoughtworks.selenium.webdriven.Timer.run(Timer.java:46)
	at com.thoughtworks.selenium.webdriven.WebDriverCommandProcessor.execute(WebDriverCommandProcessor.java:150)
	at com.thoughtworks.selenium.webdriven.WebDriverCommandProcessor.doCommand(WebDriverCommandProcessor.java:76)
	at com.thoughtworks.selenium.DefaultSelenium.open(DefaultSelenium.java:374)
	at com.thoughtworks.selenium.Selenium$open.call(Unknown Source)
	at DTCM Invalid Login Scenario.run(DTCM Invalid Login Scenario:40)
	at com.kms.katalon.core.main.ScriptEngine.run(ScriptEngine.java:194)
	at com.kms.katalon.core.main.ScriptEngine.runScriptAsRawText(ScriptEngine.java:119)
	at com.kms.katalon.core.main.TestCaseExecutor.runScript(TestCaseExecutor.java:331)
	at com.kms.katalon.core.main.TestCaseExecutor.doExecute(TestCaseExecutor.java:322)
	at com.kms.katalon.core.main.TestCaseExecutor.processExecutionPhase(TestCaseExecutor.java:301)
	at com.kms.katalon.core.main.TestCaseExecutor.accessMainPhase(TestCaseExecutor.java:293)
	at com.kms.katalon.core.main.TestCaseExecutor.execute(TestCaseExecutor.java:227)
	at com.kms.katalon.core.main.TestSuiteExecutor.accessTestCaseMainPhase(TestSuiteExecutor.java:129)
	at com.kms.katalon.core.main.TestSuiteExecutor.accessTestSuiteMainPhase(TestSuiteExecutor.java:112)
	at com.kms.katalon.core.main.TestSuiteExecutor.execute(TestSuiteExecutor.java:81)
	at com.kms.katalon.core.main.TestCaseMain.startTestSuite(TestCaseMain.java:157)
	at com.kms.katalon.core.main.TestCaseMain$startTestSuite$0.call(Unknown Source)
	at TempTestSuite1552906520080.run(TempTestSuite1552906520080.groovy:35)]]></system-out>
      <system-err><![CDATA[2019-03-18 15:55:21 - [TEST_SUITE][ERROR] - DTCM QA Automation: Test Cases/DTCM/Login and logout/DTCM Invalid Login Scenario FAILED.
Reason:
com.thoughtworks.selenium.SeleniumException: Timed out waiting for action to finish
	at com.thoughtworks.selenium.webdriven.Timer.run(Timer.java:46)
	at com.thoughtworks.selenium.webdriven.WebDriverCommandProcessor.execute(WebDriverCommandProcessor.java:150)
	at com.thoughtworks.selenium.webdriven.WebDriverCommandProcessor.doCommand(WebDriverCommandProcessor.java:76)
	at com.thoughtworks.selenium.DefaultSelenium.open(DefaultSelenium.java:374)
	at com.thoughtworks.selenium.Selenium$open.call(Unknown Source)
	at DTCM Invalid Login Scenario.run(DTCM Invalid Login Scenario:40)
	at com.kms.katalon.core.main.ScriptEngine.run(ScriptEngine.java:194)
	at com.kms.katalon.core.main.ScriptEngine.runScriptAsRawText(ScriptEngine.java:119)
	at com.kms.katalon.core.main.TestCaseExecutor.runScript(TestCaseExecutor.java:331)
	at com.kms.katalon.core.main.TestCaseExecutor.doExecute(TestCaseExecutor.java:322)
	at com.kms.katalon.core.main.TestCaseExecutor.processExecutionPhase(TestCaseExecutor.java:301)
	at com.kms.katalon.core.main.TestCaseExecutor.accessMainPhase(TestCaseExecutor.java:293)
	at com.kms.katalon.core.main.TestCaseExecutor.execute(TestCaseExecutor.java:227)
	at com.kms.katalon.core.main.TestSuiteExecutor.accessTestCaseMainPhase(TestSuiteExecutor.java:129)
	at com.kms.katalon.core.main.TestSuiteExecutor.accessTestSuiteMainPhase(TestSuiteExecutor.java:112)
	at com.kms.katalon.core.main.TestSuiteExecutor.execute(TestSuiteExecutor.java:81)
	at com.kms.katalon.core.main.TestCaseMain.startTestSuite(TestCaseMain.java:157)
	at com.kms.katalon.core.main.TestCaseMain$startTestSuite$0.call(Unknown Source)
	at TempTestSuite1552906520080.run(TempTestSuite1552906520080.groovy:35)]]></system-err>
   </testsuite>
</testsuites>
